[ 2017-11-17T09:41:13+08:00 ] ::1 /index.php/Mq/JMOrder/printJMOrder/
INFO: [ app_init ] --START--
INFO: Run Behavior\BuildLiteBehavior [ RunTime:0.000052s ]
INFO: [ app_init ] --END-- [ RunTime:0.001898s ]
INFO: [ app_begin ] --START--
INFO: Run Behavior\ReadHtmlCacheBehavior [ RunTime:0.000892s ]
INFO: [ app_begin ] --END-- [ RunTime:0.000968s ]
NOTIC: [8] A session had already been started - ignoring session_start() /Users/mianhuatang/company/mq/mqgas/ThinkPHP/Common/functions.php 第 1263 行.
INFO: [ app_end ] --START--
INFO: Run Behavior\ShowPageTraceBehavior [ RunTime:0.022288s ]
INFO: [ app_end ] --END-- [ RunTime:0.022354s ]

[ 2017-11-17T09:47:09+08:00 ] ::1 /index.php/Mq/JMOrder/printJMOrder/
INFO: [ app_init ] --START--
INFO: Run Behavior\BuildLiteBehavior [ RunTime:0.000012s ]
INFO: [ app_init ] --END-- [ RunTime:0.000252s ]
INFO: [ app_begin ] --START--
INFO: Run Behavior\ReadHtmlCacheBehavior [ RunTime:0.000277s ]
INFO: [ app_begin ] --END-- [ RunTime:0.000315s ]
NOTIC: [8] A session had already been started - ignoring session_start() /Users/mianhuatang/company/mq/mqgas/ThinkPHP/Common/functions.php 第 1263 行.
INFO: [ app_end ] --START--
INFO: Run Behavior\ShowPageTraceBehavior [ RunTime:0.000704s ]
INFO: [ app_end ] --END-- [ RunTime:0.000783s ]

[ 2017-11-17T09:52:42+08:00 ] ::1 /index.php/Mq/JMOrder/printJMOrder/
INFO: [ app_init ] --START--
INFO: Run Behavior\BuildLiteBehavior [ RunTime:0.000012s ]
INFO: [ app_init ] --END-- [ RunTime:0.000268s ]
INFO: [ app_begin ] --START--
INFO: Run Behavior\ReadHtmlCacheBehavior [ RunTime:0.000310s ]
INFO: [ app_begin ] --END-- [ RunTime:0.000354s ]
NOTIC: [8] A session had already been started - ignoring session_start() /Users/mianhuatang/company/mq/mqgas/ThinkPHP/Common/functions.php 第 1263 行.
NOTIC: [2] Missing argument 1 for Mq\Controller\MobileorderController::findjmorderdetail(), called in /Users/mianhuatang/company/mq/mqgas/Application/Mq/Controller/JMOrderController.class.php on line 464 and defined /Users/mianhuatang/company/mq/mqgas/Application/Mq/Controller/MobileorderController.class.php 第 291 行.
SQL: SHOW COLUMNS FROM `ordermain` [ RunTime:0.0162s ]
NOTIC: [8] Undefined variable: pkid /Users/mianhuatang/company/mq/mqgas/Application/Mq/Controller/MobileorderController.class.php 第 293 行.
SQL: SELECT ordermain.*,j.mname,j.pname,j.fenpaitime,j.songqiname,j.carnumber,j.setpeopleopttime,u.worknumber FROM `ordermain` LEFT JOIN orderjm as j on j.orderid = ordermain.pkid LEFT JOIN userinfo as u on u.pid = j.songqiid  WHERE ( ordermain.pkid = '' ) LIMIT 1   [ RunTime:0.0146s ]
NOTIC: [2] Missing argument 1 for Mq\Controller\MobileorderController::findcheduiorderdetailitem(), called in /Users/mianhuatang/company/mq/mqgas/Application/Mq/Controller/JMOrderController.class.php on line 465 and defined /Users/mianhuatang/company/mq/mqgas/Application/Mq/Controller/MobileorderController.class.php 第 183 行.
SQL: SHOW COLUMNS FROM `orderdetail` [ RunTime:0.0144s ]
NOTIC: [8] Undefined variable: pkid /Users/mianhuatang/company/mq/mqgas/Application/Mq/Controller/MobileorderController.class.php 第 185 行.
SQL: SELECT * FROM `orderdetail` WHERE ( orderid = '' )  [ RunTime:0.0161s ]
NOTIC: [8] Trying to get property of non-object /Users/mianhuatang/company/mq/mqgas/Application/Mq/Controller/JMOrderController.class.php 第 473 行.
INFO: [ app_end ] --START--
INFO: Run Behavior\ShowPageTraceBehavior [ RunTime:0.000590s ]
INFO: [ app_end ] --END-- [ RunTime:0.000648s ]

[ 2017-11-17T10:17:59+08:00 ] ::1 /index.php/Mq/JMOrder/printJMOrder/
INFO: [ app_init ] --START--
INFO: Run Behavior\BuildLiteBehavior [ RunTime:0.000012s ]
INFO: [ app_init ] --END-- [ RunTime:0.000281s ]
INFO: [ app_begin ] --START--
INFO: Run Behavior\ReadHtmlCacheBehavior [ RunTime:0.000313s ]
INFO: [ app_begin ] --END-- [ RunTime:0.000359s ]
NOTIC: [8] A session had already been started - ignoring session_start() /Users/mianhuatang/company/mq/mqgas/ThinkPHP/Common/functions.php 第 1263 行.
NOTIC: [2] Missing argument 1 for Mq\Controller\MobileorderController::findjmorderdetail(), called in /Users/mianhuatang/company/mq/mqgas/Application/Mq/Controller/JMOrderController.class.php on line 464 and defined /Users/mianhuatang/company/mq/mqgas/Application/Mq/Controller/MobileorderController.class.php 第 291 行.
SQL: SHOW COLUMNS FROM `ordermain` [ RunTime:0.0157s ]
NOTIC: [8] Undefined variable: pkid /Users/mianhuatang/company/mq/mqgas/Application/Mq/Controller/MobileorderController.class.php 第 293 行.
SQL: SELECT ordermain.*,j.mname,j.pname,j.fenpaitime,j.songqiname,j.carnumber,j.setpeopleopttime,u.worknumber FROM `ordermain` LEFT JOIN orderjm as j on j.orderid = ordermain.pkid LEFT JOIN userinfo as u on u.pid = j.songqiid  WHERE ( ordermain.pkid = '' ) LIMIT 1   [ RunTime:0.0170s ]
NOTIC: [2] Missing argument 1 for Mq\Controller\MobileorderController::findcheduiorderdetailitem(), called in /Users/mianhuatang/company/mq/mqgas/Application/Mq/Controller/JMOrderController.class.php on line 465 and defined /Users/mianhuatang/company/mq/mqgas/Application/Mq/Controller/MobileorderController.class.php 第 183 行.
SQL: SHOW COLUMNS FROM `orderdetail` [ RunTime:0.0150s ]
NOTIC: [8] Undefined variable: pkid /Users/mianhuatang/company/mq/mqgas/Application/Mq/Controller/MobileorderController.class.php 第 185 行.
SQL: SELECT * FROM `orderdetail` WHERE ( orderid = '' )  [ RunTime:0.0165s ]
NOTIC: [8] Trying to get property of non-object /Users/mianhuatang/company/mq/mqgas/Application/Mq/Controller/JMOrderController.class.php 第 473 行.
INFO: [ app_end ] --START--
INFO: Run Behavior\ShowPageTraceBehavior [ RunTime:0.000569s ]
INFO: [ app_end ] --END-- [ RunTime:0.000623s ]

[ 2017-11-17T10:49:23+08:00 ] ::1 /index.php/Mq/JMOrder/printJMOrder/
INFO: [ app_init ] --START--
INFO: Run Behavior\BuildLiteBehavior [ RunTime:0.000012s ]
INFO: [ app_init ] --END-- [ RunTime:0.000275s ]
INFO: [ app_begin ] --START--
INFO: Run Behavior\ReadHtmlCacheBehavior [ RunTime:0.000324s ]
INFO: [ app_begin ] --END-- [ RunTime:0.000369s ]
NOTIC: [8] A session had already been started - ignoring session_start() /Users/mianhuatang/company/mq/mqgas/ThinkPHP/Common/functions.php 第 1263 行.
NOTIC: [2] Missing argument 1 for Mq\Controller\MobileorderController::findjmorderdetail(), called in /Users/mianhuatang/company/mq/mqgas/Application/Mq/Controller/JMOrderController.class.php on line 464 and defined /Users/mianhuatang/company/mq/mqgas/Application/Mq/Controller/MobileorderController.class.php 第 291 行.
SQL: SHOW COLUMNS FROM `ordermain` [ RunTime:0.0158s ]
NOTIC: [8] Undefined variable: pkid /Users/mianhuatang/company/mq/mqgas/Application/Mq/Controller/MobileorderController.class.php 第 293 行.
SQL: SELECT ordermain.*,j.mname,j.pname,j.fenpaitime,j.songqiname,j.carnumber,j.setpeopleopttime,u.worknumber FROM `ordermain` LEFT JOIN orderjm as j on j.orderid = ordermain.pkid LEFT JOIN userinfo as u on u.pid = j.songqiid  WHERE ( ordermain.pkid = '' ) LIMIT 1   [ RunTime:0.0161s ]
NOTIC: [2] Missing argument 1 for Mq\Controller\MobileorderController::findcheduiorderdetailitem(), called in /Users/mianhuatang/company/mq/mqgas/Application/Mq/Controller/JMOrderController.class.php on line 465 and defined /Users/mianhuatang/company/mq/mqgas/Application/Mq/Controller/MobileorderController.class.php 第 183 行.
SQL: SHOW COLUMNS FROM `orderdetail` [ RunTime:0.0178s ]
NOTIC: [8] Undefined variable: pkid /Users/mianhuatang/company/mq/mqgas/Application/Mq/Controller/MobileorderController.class.php 第 185 行.
SQL: SELECT * FROM `orderdetail` WHERE ( orderid = '' )  [ RunTime:0.0174s ]
NOTIC: [8] Trying to get property of non-object /Users/mianhuatang/company/mq/mqgas/Application/Mq/Controller/JMOrderController.class.php 第 473 行.
INFO: [ app_end ] --START--
INFO: Run Behavior\ShowPageTraceBehavior [ RunTime:0.000414s ]
INFO: [ app_end ] --END-- [ RunTime:0.000461s ]

[ 2017-11-17T10:49:46+08:00 ] ::1 /index.php/Mq/JMOrder/printJMOrder/
INFO: [ app_init ] --START--
INFO: Run Behavior\BuildLiteBehavior [ RunTime:0.000009s ]
INFO: [ app_init ] --END-- [ RunTime:0.000259s ]
INFO: [ app_begin ] --START--
INFO: Run Behavior\ReadHtmlCacheBehavior [ RunTime:0.000279s ]
INFO: [ app_begin ] --END-- [ RunTime:0.000336s ]
NOTIC: [8] A session had already been started - ignoring session_start() /Users/mianhuatang/company/mq/mqgas/ThinkPHP/Common/functions.php 第 1263 行.
NOTIC: [2] Missing argument 1 for Mq\Controller\MobileorderController::findjmorderdetail(), called in /Users/mianhuatang/company/mq/mqgas/Application/Mq/Controller/JMOrderController.class.php on line 464 and defined /Users/mianhuatang/company/mq/mqgas/Application/Mq/Controller/MobileorderController.class.php 第 291 行.
SQL: SHOW COLUMNS FROM `ordermain` [ RunTime:0.0222s ]
NOTIC: [8] Undefined variable: pkid /Users/mianhuatang/company/mq/mqgas/Application/Mq/Controller/MobileorderController.class.php 第 293 行.
SQL: SELECT ordermain.*,j.mname,j.pname,j.fenpaitime,j.songqiname,j.carnumber,j.setpeopleopttime,u.worknumber FROM `ordermain` LEFT JOIN orderjm as j on j.orderid = ordermain.pkid LEFT JOIN userinfo as u on u.pid = j.songqiid  WHERE ( ordermain.pkid = '' ) LIMIT 1   [ RunTime:0.0157s ]
NOTIC: [2] Missing argument 1 for Mq\Controller\MobileorderController::findcheduiorderdetailitem(), called in /Users/mianhuatang/company/mq/mqgas/Application/Mq/Controller/JMOrderController.class.php on line 465 and defined /Users/mianhuatang/company/mq/mqgas/Application/Mq/Controller/MobileorderController.class.php 第 183 行.
SQL: SHOW COLUMNS FROM `orderdetail` [ RunTime:0.0152s ]
NOTIC: [8] Undefined variable: pkid /Users/mianhuatang/company/mq/mqgas/Application/Mq/Controller/MobileorderController.class.php 第 185 行.
SQL: SELECT * FROM `orderdetail` WHERE ( orderid = '' )  [ RunTime:0.0143s ]
NOTIC: [8] Trying to get property of non-object /Users/mianhuatang/company/mq/mqgas/Application/Mq/Controller/JMOrderController.class.php 第 473 行.
NOTIC: [8] Trying to get property of non-object /Users/mianhuatang/company/mq/mqgas/Application/Mq/Controller/JMOrderController.class.php 第 475 行.
INFO: [ app_end ] --START--
INFO: Run Behavior\ShowPageTraceBehavior [ RunTime:0.000426s ]
INFO: [ app_end ] --END-- [ RunTime:0.000469s ]

[ 2017-11-17T10:49:59+08:00 ] ::1 /index.php/Mq/JMOrder/printJMOrder/
INFO: [ app_init ] --START--
INFO: Run Behavior\BuildLiteBehavior [ RunTime:0.000013s ]
INFO: [ app_init ] --END-- [ RunTime:0.000274s ]
INFO: [ app_begin ] --START--
INFO: Run Behavior\ReadHtmlCacheBehavior [ RunTime:0.000339s ]
INFO: [ app_begin ] --END-- [ RunTime:0.000390s ]
NOTIC: [8] A session had already been started - ignoring session_start() /Users/mianhuatang/company/mq/mqgas/ThinkPHP/Common/functions.php 第 1263 行.

[ 2017-11-17T10:50:49+08:00 ] ::1 /index.php/Mq/JMOrder/printJMOrder/
INFO: [ app_init ] --START--
INFO: Run Behavior\BuildLiteBehavior [ RunTime:0.000017s ]
INFO: [ app_init ] --END-- [ RunTime:0.000407s ]
INFO: [ app_begin ] --START--
INFO: Run Behavior\ReadHtmlCacheBehavior [ RunTime:0.000570s ]
INFO: [ app_begin ] --END-- [ RunTime:0.000644s ]
NOTIC: [8] A session had already been started - ignoring session_start() /Users/mianhuatang/company/mq/mqgas/ThinkPHP/Common/functions.php 第 1263 行.
NOTIC: [2] Missing argument 1 for Mq\Controller\MobileorderController::findjmorderdetail(), called in /Users/mianhuatang/company/mq/mqgas/Application/Mq/Controller/JMOrderController.class.php on line 464 and defined /Users/mianhuatang/company/mq/mqgas/Application/Mq/Controller/MobileorderController.class.php 第 291 行.
SQL: SHOW COLUMNS FROM `ordermain` [ RunTime:0.0156s ]
NOTIC: [8] Undefined variable: pkid /Users/mianhuatang/company/mq/mqgas/Application/Mq/Controller/MobileorderController.class.php 第 293 行.
SQL: SELECT ordermain.*,j.mname,j.pname,j.fenpaitime,j.songqiname,j.carnumber,j.setpeopleopttime,u.worknumber FROM `ordermain` LEFT JOIN orderjm as j on j.orderid = ordermain.pkid LEFT JOIN userinfo as u on u.pid = j.songqiid  WHERE ( ordermain.pkid = '' ) LIMIT 1   [ RunTime:0.0144s ]
NOTIC: [2] Missing argument 1 for Mq\Controller\MobileorderController::findcheduiorderdetailitem(), called in /Users/mianhuatang/company/mq/mqgas/Application/Mq/Controller/JMOrderController.class.php on line 465 and defined /Users/mianhuatang/company/mq/mqgas/Application/Mq/Controller/MobileorderController.class.php 第 183 行.
SQL: SHOW COLUMNS FROM `orderdetail` [ RunTime:0.0153s ]
NOTIC: [8] Undefined variable: pkid /Users/mianhuatang/company/mq/mqgas/Application/Mq/Controller/MobileorderController.class.php 第 185 行.
SQL: SELECT * FROM `orderdetail` WHERE ( orderid = '' )  [ RunTime:0.0150s ]
NOTIC: [8] Trying to get property of non-object /Users/mianhuatang/company/mq/mqgas/Application/Mq/Controller/JMOrderController.class.php 第 473 行.
NOTIC: [8] Trying to get property of non-object /Users/mianhuatang/company/mq/mqgas/Application/Mq/Controller/JMOrderController.class.php 第 475 行.
INFO: [ app_end ] --START--
INFO: Run Behavior\ShowPageTraceBehavior [ RunTime:0.000425s ]
INFO: [ app_end ] --END-- [ RunTime:0.000467s ]

[ 2017-11-17T10:51:08+08:00 ] ::1 /index.php/Mq/JMOrder/printJMOrder/
INFO: [ app_init ] --START--
INFO: Run Behavior\BuildLiteBehavior [ RunTime:0.000007s ]
INFO: [ app_init ] --END-- [ RunTime:0.000147s ]
INFO: [ app_begin ] --START--
INFO: Run Behavior\ReadHtmlCacheBehavior [ RunTime:0.000180s ]
INFO: [ app_begin ] --END-- [ RunTime:0.000202s ]
NOTIC: [8] A session had already been started - ignoring session_start() /Users/mianhuatang/company/mq/mqgas/ThinkPHP/Common/functions.php 第 1263 行.
SQL: SHOW COLUMNS FROM `ordermain` [ RunTime:0.0132s ]
SQL: SELECT ordermain.*,j.mname,j.pname,j.fenpaitime,j.songqiname,j.carnumber,j.setpeopleopttime,u.worknumber FROM `ordermain` LEFT JOIN orderjm as j on j.orderid = ordermain.pkid LEFT JOIN userinfo as u on u.pid = j.songqiid  WHERE ( ordermain.pkid = '201711141609021242' ) LIMIT 1   [ RunTime:0.0163s ]
SQL: SHOW COLUMNS FROM `orderdetail` [ RunTime:0.0129s ]
SQL: SELECT * FROM `orderdetail` WHERE ( orderid = '201711141609021242' )  [ RunTime:0.0142s ]
NOTIC: [8] Trying to get property of non-object /Users/mianhuatang/company/mq/mqgas/Application/Mq/Controller/JMOrderController.class.php 第 473 行.
NOTIC: [8] Trying to get property of non-object /Users/mianhuatang/company/mq/mqgas/Application/Mq/Controller/JMOrderController.class.php 第 475 行.
INFO: [ app_end ] --START--
INFO: Run Behavior\ShowPageTraceBehavior [ RunTime:0.000420s ]
INFO: [ app_end ] --END-- [ RunTime:0.000470s ]

[ 2017-11-17T10:53:32+08:00 ] ::1 /index.php/Mq/JMOrder/printJMOrder/
INFO: [ app_init ] --START--
INFO: Run Behavior\BuildLiteBehavior [ RunTime:0.000008s ]
INFO: [ app_init ] --END-- [ RunTime:0.000186s ]
INFO: [ app_begin ] --START--
INFO: Run Behavior\ReadHtmlCacheBehavior [ RunTime:0.000242s ]
INFO: [ app_begin ] --END-- [ RunTime:0.000268s ]
NOTIC: [8] A session had already been started - ignoring session_start() /Users/mianhuatang/company/mq/mqgas/ThinkPHP/Common/functions.php 第 1263 行.
SQL: SHOW COLUMNS FROM `ordermain` [ RunTime:0.1165s ]
SQL: SELECT ordermain.*,j.mname,j.pname,j.fenpaitime,j.songqiname,j.carnumber,j.setpeopleopttime,u.worknumber FROM `ordermain` LEFT JOIN orderjm as j on j.orderid = ordermain.pkid LEFT JOIN userinfo as u on u.pid = j.songqiid  WHERE ( ordermain.pkid = '201711141609021242' ) LIMIT 1   [ RunTime:0.1243s ]
SQL: SHOW COLUMNS FROM `orderdetail` [ RunTime:0.1116s ]
SQL: SELECT * FROM `orderdetail` WHERE ( orderid = '201711141609021242' )  [ RunTime:0.1199s ]
NOTIC: [8] Trying to get property of non-object /Users/mianhuatang/company/mq/mqgas/Application/Mq/Controller/JMOrderController.class.php 第 473 行.
INFO: [ app_end ] --START--
INFO: Run Behavior\ShowPageTraceBehavior [ RunTime:0.000456s ]
INFO: [ app_end ] --END-- [ RunTime:0.000507s ]

[ 2017-11-17T10:53:35+08:00 ] ::1 /index.php/Mq/JMOrder/printJMOrder/
INFO: [ app_init ] --START--
INFO: Run Behavior\BuildLiteBehavior [ RunTime:0.000007s ]
INFO: [ app_init ] --END-- [ RunTime:0.000149s ]
INFO: [ app_begin ] --START--
INFO: Run Behavior\ReadHtmlCacheBehavior [ RunTime:0.000186s ]
INFO: [ app_begin ] --END-- [ RunTime:0.000208s ]
NOTIC: [8] A session had already been started - ignoring session_start() /Users/mianhuatang/company/mq/mqgas/ThinkPHP/Common/functions.php 第 1263 行.
SQL: SHOW COLUMNS FROM `ordermain` [ RunTime:0.1238s ]
SQL: SELECT ordermain.*,j.mname,j.pname,j.fenpaitime,j.songqiname,j.carnumber,j.setpeopleopttime,u.worknumber FROM `ordermain` LEFT JOIN orderjm as j on j.orderid = ordermain.pkid LEFT JOIN userinfo as u on u.pid = j.songqiid  WHERE ( ordermain.pkid = '201711141609021242' ) LIMIT 1   [ RunTime:0.1256s ]
SQL: SHOW COLUMNS FROM `orderdetail` [ RunTime:0.1273s ]
SQL: SELECT * FROM `orderdetail` WHERE ( orderid = '201711141609021242' )  [ RunTime:0.1330s ]
NOTIC: [8] Trying to get property of non-object /Users/mianhuatang/company/mq/mqgas/Application/Mq/Controller/JMOrderController.class.php 第 473 行.
INFO: [ app_end ] --START--
INFO: Run Behavior\ShowPageTraceBehavior [ RunTime:0.000997s ]
INFO: [ app_end ] --END-- [ RunTime:0.001040s ]

[ 2017-11-17T10:55:58+08:00 ] ::1 /index.php/Mq/JMOrder/printJMOrder/
INFO: [ app_init ] --START--
INFO: Run Behavior\BuildLiteBehavior [ RunTime:0.000014s ]
INFO: [ app_init ] --END-- [ RunTime:0.000420s ]
INFO: [ app_begin ] --START--
INFO: Run Behavior\ReadHtmlCacheBehavior [ RunTime:0.000655s ]
INFO: [ app_begin ] --END-- [ RunTime:0.000695s ]
NOTIC: [8] A session had already been started - ignoring session_start() /Users/mianhuatang/company/mq/mqgas/ThinkPHP/Common/functions.php 第 1263 行.
SQL: SHOW COLUMNS FROM `ordermain` [ RunTime:0.0144s ]
SQL: SELECT ordermain.*,j.mname,j.pname,j.fenpaitime,j.songqiname,j.carnumber,j.setpeopleopttime,u.worknumber FROM `ordermain` LEFT JOIN orderjm as j on j.orderid = ordermain.pkid LEFT JOIN userinfo as u on u.pid = j.songqiid  WHERE ( ordermain.pkid = '201711141609021242' ) LIMIT 1   [ RunTime:0.0169s ]
SQL: SHOW COLUMNS FROM `orderdetail` [ RunTime:0.0144s ]
SQL: SELECT * FROM `orderdetail` WHERE ( orderid = '201711141609021242' )  [ RunTime:0.0152s ]
NOTIC: [8] Trying to get property of non-object /Users/mianhuatang/company/mq/mqgas/Application/Mq/Controller/JMOrderController.class.php 第 473 行.
INFO: [ app_end ] --START--
INFO: Run Behavior\ShowPageTraceBehavior [ RunTime:0.000355s ]
INFO: [ app_end ] --END-- [ RunTime:0.000395s ]

[ 2017-11-17T10:56:01+08:00 ] ::1 /index.php/Mq/JMOrder/printJMOrder/
INFO: [ app_init ] --START--
INFO: Run Behavior\BuildLiteBehavior [ RunTime:0.000006s ]
INFO: [ app_init ] --END-- [ RunTime:0.000143s ]
INFO: [ app_begin ] --START--
INFO: Run Behavior\ReadHtmlCacheBehavior [ RunTime:0.000178s ]
INFO: [ app_begin ] --END-- [ RunTime:0.000200s ]
NOTIC: [8] A session had already been started - ignoring session_start() /Users/mianhuatang/company/mq/mqgas/ThinkPHP/Common/functions.php 第 1263 行.
SQL: SHOW COLUMNS FROM `ordermain` [ RunTime:0.0189s ]
SQL: SELECT ordermain.*,j.mname,j.pname,j.fenpaitime,j.songqiname,j.carnumber,j.setpeopleopttime,u.worknumber FROM `ordermain` LEFT JOIN orderjm as j on j.orderid = ordermain.pkid LEFT JOIN userinfo as u on u.pid = j.songqiid  WHERE ( ordermain.pkid = '201711141609021242' ) LIMIT 1   [ RunTime:0.0176s ]
SQL: SHOW COLUMNS FROM `orderdetail` [ RunTime:0.0135s ]
SQL: SELECT * FROM `orderdetail` WHERE ( orderid = '201711141609021242' )  [ RunTime:0.0131s ]
NOTIC: [8] Trying to get property of non-object /Users/mianhuatang/company/mq/mqgas/Application/Mq/Controller/JMOrderController.class.php 第 473 行.
INFO: [ app_end ] --START--
INFO: Run Behavior\ShowPageTraceBehavior [ RunTime:0.000241s ]
INFO: [ app_end ] --END-- [ RunTime:0.000266s ]

[ 2017-11-17T10:56:08+08:00 ] ::1 /index.php/Mq/JMOrder/printJMOrder/
INFO: [ app_init ] --START--
INFO: Run Behavior\BuildLiteBehavior [ RunTime:0.000012s ]
INFO: [ app_init ] --END-- [ RunTime:0.000403s ]
INFO: [ app_begin ] --START--
INFO: Run Behavior\ReadHtmlCacheBehavior [ RunTime:0.000485s ]
INFO: [ app_begin ] --END-- [ RunTime:0.000530s ]
NOTIC: [8] A session had already been started - ignoring session_start() /Users/mianhuatang/company/mq/mqgas/ThinkPHP/Common/functions.php 第 1263 行.
SQL: SHOW COLUMNS FROM `ordermain` [ RunTime:0.0161s ]
SQL: SELECT * FROM `ordermain` LEFT JOIN orderdgs as d on d.orderid = ordermain.pkid  WHERE ( ordermain.pkid = '201711141609021242' ) LIMIT 1   [ RunTime:0.0145s ]
SQL: SHOW COLUMNS FROM `orderdetail` [ RunTime:0.0149s ]
SQL: SELECT * FROM `orderdetail` WHERE ( orderid = '201711141609021242' )  [ RunTime:0.0134s ]
NOTIC: [8] Trying to get property of non-object /Users/mianhuatang/company/mq/mqgas/Application/Mq/Controller/JMOrderController.class.php 第 473 行.
INFO: [ app_end ] --START--
INFO: Run Behavior\ShowPageTraceBehavior [ RunTime:0.000400s ]
INFO: [ app_end ] --END-- [ RunTime:0.000440s ]

[ 2017-11-17T10:56:22+08:00 ] ::1 /index.php/Mq/JMOrder/printJMOrder/
INFO: [ app_init ] --START--
INFO: Run Behavior\BuildLiteBehavior [ RunTime:0.000009s ]
INFO: [ app_init ] --END-- [ RunTime:0.000280s ]
INFO: [ app_begin ] --START--
INFO: Run Behavior\ReadHtmlCacheBehavior [ RunTime:0.000287s ]
INFO: [ app_begin ] --END-- [ RunTime:0.000343s ]
NOTIC: [8] A session had already been started - ignoring session_start() /Users/mianhuatang/company/mq/mqgas/ThinkPHP/Common/functions.php 第 1263 行.
SQL: SHOW COLUMNS FROM `ordermain` [ RunTime:0.0136s ]
SQL: SELECT * FROM `ordermain` LEFT JOIN orderdgs as d on d.orderid = ordermain.pkid  WHERE ( ordermain.pkid = '201711141609021242' ) LIMIT 1   [ RunTime:0.0138s ]
SQL: SHOW COLUMNS FROM `orderdetail` [ RunTime:0.0132s ]
SQL: SELECT * FROM `orderdetail` WHERE ( orderid = '201711141609021242' )  [ RunTime:0.0160s ]
NOTIC: [8] Trying to get property of non-object /Users/mianhuatang/company/mq/mqgas/Application/Mq/Controller/JMOrderController.class.php 第 473 行.
NOTIC: [8] Trying to get property of non-object /Users/mianhuatang/company/mq/mqgas/Application/Mq/Controller/JMOrderController.class.php 第 475 行.
INFO: [ app_end ] --START--
INFO: Run Behavior\ShowPageTraceBehavior [ RunTime:0.000402s ]
INFO: [ app_end ] --END-- [ RunTime:0.000444s ]

[ 2017-11-17T10:56:33+08:00 ] ::1 /index.php/Mq/JMOrder/printJMOrder/
INFO: [ app_init ] --START--
INFO: Run Behavior\BuildLiteBehavior [ RunTime:0.000014s ]
INFO: [ app_init ] --END-- [ RunTime:0.000355s ]
INFO: [ app_begin ] --START--
INFO: Run Behavior\ReadHtmlCacheBehavior [ RunTime:0.000262s ]
INFO: [ app_begin ] --END-- [ RunTime:0.000303s ]
NOTIC: [8] A session had already been started - ignoring session_start() /Users/mianhuatang/company/mq/mqgas/ThinkPHP/Common/functions.php 第 1263 行.

[ 2017-11-17T10:56:37+08:00 ] ::1 /index.php/Mq/JMOrder/printJMOrder/
INFO: [ app_init ] --START--
INFO: Run Behavior\BuildLiteBehavior [ RunTime:0.000009s ]
INFO: [ app_init ] --END-- [ RunTime:0.000230s ]
INFO: [ app_begin ] --START--
INFO: Run Behavior\ReadHtmlCacheBehavior [ RunTime:0.000780s ]
INFO: [ app_begin ] --END-- [ RunTime:0.000992s ]
NOTIC: [8] A session had already been started - ignoring session_start() /Users/mianhuatang/company/mq/mqgas/ThinkPHP/Common/functions.php 第 1263 行.

[ 2017-11-17T10:56:48+08:00 ] ::1 /index.php/Mq/JMOrder/printJMOrder/
INFO: [ app_init ] --START--
INFO: Run Behavior\BuildLiteBehavior [ RunTime:0.000024s ]
INFO: [ app_init ] --END-- [ RunTime:0.000230s ]
INFO: [ app_begin ] --START--
INFO: Run Behavior\ReadHtmlCacheBehavior [ RunTime:0.000318s ]
INFO: [ app_begin ] --END-- [ RunTime:0.000361s ]
NOTIC: [8] A session had already been started - ignoring session_start() /Users/mianhuatang/company/mq/mqgas/ThinkPHP/Common/functions.php 第 1263 行.
SQL: SHOW COLUMNS FROM `ordermain` [ RunTime:0.0139s ]
SQL: SELECT * FROM `ordermain` LEFT JOIN orderdgs as d on d.orderid = ordermain.pkid  WHERE ( ordermain.pkid = '201711141609021242' ) LIMIT 1   [ RunTime:0.0149s ]
SQL: SHOW COLUMNS FROM `orderdetail` [ RunTime:0.0150s ]
SQL: SELECT * FROM `orderdetail` WHERE ( orderid = '201711141609021242' )  [ RunTime:0.0148s ]
NOTIC: [8] Trying to get property of non-object /Users/mianhuatang/company/mq/mqgas/Application/Mq/Controller/JMOrderController.class.php 第 473 行.
NOTIC: [8] Array to string conversion /Users/mianhuatang/company/mq/mqgas/Application/Mq/Controller/JMOrderController.class.php 第 475 行.
INFO: [ app_end ] --START--
INFO: Run Behavior\ShowPageTraceBehavior [ RunTime:0.000457s ]
INFO: [ app_end ] --END-- [ RunTime:0.000513s ]

[ 2017-11-17T10:56:56+08:00 ] ::1 /index.php/Mq/JMOrder/printJMOrder/
INFO: [ app_init ] --START--
INFO: Run Behavior\BuildLiteBehavior [ RunTime:0.000018s ]
INFO: [ app_init ] --END-- [ RunTime:0.000289s ]
INFO: [ app_begin ] --START--
INFO: Run Behavior\ReadHtmlCacheBehavior [ RunTime:0.000320s ]
INFO: [ app_begin ] --END-- [ RunTime:0.000358s ]
NOTIC: [8] A session had already been started - ignoring session_start() /Users/mianhuatang/company/mq/mqgas/ThinkPHP/Common/functions.php 第 1263 行.

[ 2017-11-17T10:57:03+08:00 ] ::1 /index.php/Mq/JMOrder/printJMOrder/
INFO: [ app_init ] --START--
INFO: Run Behavior\BuildLiteBehavior [ RunTime:0.000022s ]
INFO: [ app_init ] --END-- [ RunTime:0.000271s ]
INFO: [ app_begin ] --START--
INFO: Run Behavior\ReadHtmlCacheBehavior [ RunTime:0.000531s ]
INFO: [ app_begin ] --END-- [ RunTime:0.000587s ]
NOTIC: [8] A session had already been started - ignoring session_start() /Users/mianhuatang/company/mq/mqgas/ThinkPHP/Common/functions.php 第 1263 行.
SQL: SHOW COLUMNS FROM `ordermain` [ RunTime:0.0179s ]
SQL: SELECT * FROM `ordermain` LEFT JOIN orderdgs as d on d.orderid = ordermain.pkid  WHERE ( ordermain.pkid = '201711141609021242' ) LIMIT 1   [ RunTime:0.0156s ]
SQL: SHOW COLUMNS FROM `orderdetail` [ RunTime:0.0151s ]
SQL: SELECT * FROM `orderdetail` WHERE ( orderid = '201711141609021242' )  [ RunTime:0.0143s ]
NOTIC: [8] Trying to get property of non-object /Users/mianhuatang/company/mq/mqgas/Application/Mq/Controller/JMOrderController.class.php 第 473 行.
INFO: [ app_end ] --START--
INFO: Run Behavior\ShowPageTraceBehavior [ RunTime:0.000384s ]
INFO: [ app_end ] --END-- [ RunTime:0.000433s ]

[ 2017-11-17T10:58:03+08:00 ] ::1 /index.php/Mq/JMOrder/printJMOrder/
INFO: [ app_init ] --START--
INFO: Run Behavior\BuildLiteBehavior [ RunTime:0.000012s ]
INFO: [ app_init ] --END-- [ RunTime:0.000264s ]
INFO: [ app_begin ] --START--
INFO: Run Behavior\ReadHtmlCacheBehavior [ RunTime:0.000967s ]
INFO: [ app_begin ] --END-- [ RunTime:0.001005s ]
NOTIC: [8] A session had already been started - ignoring session_start() /Users/mianhuatang/company/mq/mqgas/ThinkPHP/Common/functions.php 第 1263 行.
SQL: SHOW COLUMNS FROM `ordermain` [ RunTime:0.0140s ]
SQL: SELECT * FROM `ordermain` LEFT JOIN orderdgs as d on d.orderid = ordermain.pkid  WHERE ( ordermain.pkid = '201711141609021242' ) LIMIT 1   [ RunTime:0.0146s ]
SQL: SHOW COLUMNS FROM `orderdetail` [ RunTime:0.0146s ]
SQL: SELECT * FROM `orderdetail` WHERE ( orderid = '201711141609021242' )  [ RunTime:0.0141s ]
NOTIC: [8] Trying to get property of non-object /Users/mianhuatang/company/mq/mqgas/Application/Mq/Controller/JMOrderController.class.php 第 473 行.
INFO: [ app_end ] --START--
INFO: Run Behavior\ShowPageTraceBehavior [ RunTime:0.000246s ]
INFO: [ app_end ] --END-- [ RunTime:0.000273s ]

[ 2017-11-17T10:58:13+08:00 ] ::1 /index.php/Mq/JMOrder/printJMOrder/
INFO: [ app_init ] --START--
INFO: Run Behavior\BuildLiteBehavior [ RunTime:0.000012s ]
INFO: [ app_init ] --END-- [ RunTime:0.000404s ]
INFO: [ app_begin ] --START--
INFO: Run Behavior\ReadHtmlCacheBehavior [ RunTime:0.000341s ]
INFO: [ app_begin ] --END-- [ RunTime:0.000380s ]
NOTIC: [8] A session had already been started - ignoring session_start() /Users/mianhuatang/company/mq/mqgas/ThinkPHP/Common/functions.php 第 1263 行.
SQL: SHOW COLUMNS FROM `ordermain` [ RunTime:0.0152s ]
SQL: SELECT * FROM `ordermain` LEFT JOIN orderdgs as d on d.orderid = ordermain.pkid  WHERE ( ordermain.pkid = '201711141609021242' ) LIMIT 1   [ RunTime:0.0145s ]
SQL: SHOW COLUMNS FROM `orderdetail` [ RunTime:0.0140s ]
SQL: SELECT * FROM `orderdetail` WHERE ( orderid = '201711141609021242' )  [ RunTime:0.0142s ]
NOTIC: [8] Trying to get property of non-object /Users/mianhuatang/company/mq/mqgas/Application/Mq/Controller/JMOrderController.class.php 第 473 行.
INFO: [ app_end ] --START--
INFO: Run Behavior\ShowPageTraceBehavior [ RunTime:0.000364s ]
INFO: [ app_end ] --END-- [ RunTime:0.000405s ]

[ 2017-11-17T10:59:04+08:00 ] ::1 /index.php/Mq/JMOrder/printJMOrder/
INFO: [ app_init ] --START--
INFO: Run Behavior\BuildLiteBehavior [ RunTime:0.000012s ]
INFO: [ app_init ] --END-- [ RunTime:0.000280s ]
INFO: [ app_begin ] --START--
INFO: Run Behavior\ReadHtmlCacheBehavior [ RunTime:0.000399s ]
INFO: [ app_begin ] --END-- [ RunTime:0.000445s ]
NOTIC: [8] A session had already been started - ignoring session_start() /Users/mianhuatang/company/mq/mqgas/ThinkPHP/Common/functions.php 第 1263 行.
SQL: SHOW COLUMNS FROM `ordermain` [ RunTime:0.0136s ]
SQL: SELECT * FROM `ordermain` LEFT JOIN orderdgs as d on d.orderid = ordermain.pkid  WHERE ( ordermain.pkid = '201711141609021242' ) LIMIT 1   [ RunTime:0.0134s ]
SQL: SHOW COLUMNS FROM `orderdetail` [ RunTime:0.0132s ]
SQL: SELECT * FROM `orderdetail` WHERE ( orderid = '201711141609021242' )  [ RunTime:0.0129s ]
NOTIC: [8] Trying to get property of non-object /Users/mianhuatang/company/mq/mqgas/Application/Mq/Controller/JMOrderController.class.php 第 473 行.
INFO: [ app_end ] --START--
INFO: Run Behavior\ShowPageTraceBehavior [ RunTime:0.000396s ]
INFO: [ app_end ] --END-- [ RunTime:0.000436s ]

[ 2017-11-17T11:02:58+08:00 ] ::1 /index.php/Mq/Daily/loaddepartment
INFO: [ app_init ] --START--
INFO: Run Behavior\BuildLiteBehavior [ RunTime:0.000011s ]
INFO: [ app_init ] --END-- [ RunTime:0.000255s ]
INFO: [ app_begin ] --START--
INFO: Run Behavior\ReadHtmlCacheBehavior [ RunTime:0.000261s ]
INFO: [ app_begin ] --END-- [ RunTime:0.000287s ]
NOTIC: [8] A session had already been started - ignoring session_start() /Users/mianhuatang/company/mq/mqgas/ThinkPHP/Common/functions.php 第 1263 行.
SQL: SHOW COLUMNS FROM `department` [ RunTime:0.0151s ]
SQL: SELECT * FROM `department` WHERE ( flag = 1 )  [ RunTime:0.0138s ]
INFO: [ app_end ] --START--
INFO: Run Behavior\ShowPageTraceBehavior [ RunTime:0.005904s ]
INFO: [ app_end ] --END-- [ RunTime:0.006322s ]

[ 2017-11-17T11:02:58+08:00 ] ::1 /index.php/Mq/Bottle/findbottlemain
INFO: [ app_init ] --START--
INFO: Run Behavior\BuildLiteBehavior [ RunTime:0.000007s ]
INFO: [ app_init ] --END-- [ RunTime:0.000156s ]
INFO: [ app_begin ] --START--
INFO: Run Behavior\ReadHtmlCacheBehavior [ RunTime:0.000189s ]
INFO: [ app_begin ] --END-- [ RunTime:0.000211s ]
NOTIC: [8] A session had already been started - ignoring session_start() /Users/mianhuatang/company/mq/mqgas/ThinkPHP/Common/functions.php 第 1263 行.
SQL: select count(*) as totalrecord from memberinfo as m where 1=1  order by m.regtime desc [ RunTime:0.0137s ]
SQL: select * from memberinfo as m where 1=1  order by regtime desc limit 0,20  [ RunTime:0.0188s ]
NOTIC: [8] Undefined variable: orderid /Users/mianhuatang/company/mq/mqgas/Application/Mq/Controller/BottleController.class.php 第 48 行.
NOTIC: [8] Undefined variable: updowntag /Users/mianhuatang/company/mq/mqgas/Application/Mq/Controller/BottleController.class.php 第 48 行.
INFO: [ app_end ] --START--
INFO: Run Behavior\ShowPageTraceBehavior [ RunTime:0.000403s ]
INFO: [ app_end ] --END-- [ RunTime:0.000433s ]

[ 2017-11-17T11:02:59+08:00 ] ::1 /index.php/Mq/Daily/loaddepartment
INFO: [ app_init ] --START--
INFO: Run Behavior\BuildLiteBehavior [ RunTime:0.000010s ]
INFO: [ app_init ] --END-- [ RunTime:0.000232s ]
INFO: [ app_begin ] --START--
INFO: Run Behavior\ReadHtmlCacheBehavior [ RunTime:0.000302s ]
INFO: [ app_begin ] --END-- [ RunTime:0.000334s ]
NOTIC: [8] A session had already been started - ignoring session_start() /Users/mianhuatang/company/mq/mqgas/ThinkPHP/Common/functions.php 第 1263 行.
SQL: SHOW COLUMNS FROM `department` [ RunTime:0.0156s ]
SQL: SELECT * FROM `department` WHERE ( flag = 1 )  [ RunTime:0.0145s ]
INFO: [ app_end ] --START--
INFO: Run Behavior\ShowPageTraceBehavior [ RunTime:0.000408s ]
INFO: [ app_end ] --END-- [ RunTime:0.000449s ]

[ 2017-11-17T11:03:01+08:00 ] ::1 /index.php/Mq/JMOrder/printJMOrder/
INFO: [ app_init ] --START--
INFO: Run Behavior\BuildLiteBehavior [ RunTime:0.000007s ]
INFO: [ app_init ] --END-- [ RunTime:0.000148s ]
INFO: [ app_begin ] --START--
INFO: Run Behavior\ReadHtmlCacheBehavior [ RunTime:0.000180s ]
INFO: [ app_begin ] --END-- [ RunTime:0.000202s ]
NOTIC: [8] A session had already been started - ignoring session_start() /Users/mianhuatang/company/mq/mqgas/ThinkPHP/Common/functions.php 第 1263 行.
SQL: SHOW COLUMNS FROM `ordermain` [ RunTime:0.0136s ]
SQL: SELECT * FROM `ordermain` LEFT JOIN orderdgs as d on d.orderid = ordermain.pkid  WHERE ( ordermain.pkid = '201711141609021242' ) LIMIT 1   [ RunTime:0.0139s ]
SQL: SHOW COLUMNS FROM `orderdetail` [ RunTime:0.0136s ]
SQL: SELECT * FROM `orderdetail` WHERE ( orderid = '201711141609021242' )  [ RunTime:0.0148s ]
INFO: [ app_end ] --START--
INFO: Run Behavior\ShowPageTraceBehavior [ RunTime:0.000591s ]
INFO: [ app_end ] --END-- [ RunTime:0.000643s ]

[ 2017-11-17T11:14:15+08:00 ] ::1 /index.php/Mq/JMOrder/printJMOrder/
INFO: [ app_init ] --START--
INFO: Run Behavior\BuildLiteBehavior [ RunTime:0.000012s ]
INFO: [ app_init ] --END-- [ RunTime:0.000654s ]
INFO: [ app_begin ] --START--
INFO: Run Behavior\ReadHtmlCacheBehavior [ RunTime:0.000717s ]
INFO: [ app_begin ] --END-- [ RunTime:0.000776s ]
NOTIC: [8] A session had already been started - ignoring session_start() /Users/mianhuatang/company/mq/mqgas/ThinkPHP/Common/functions.php 第 1263 行.
SQL: SHOW COLUMNS FROM `ordermain` [ RunTime:0.0159s ]
SQL: SELECT * FROM `ordermain` LEFT JOIN orderdgs as d on d.orderid = ordermain.pkid  WHERE ( ordermain.pkid = '201711141609021242' ) LIMIT 1   [ RunTime:0.0161s ]
SQL: SHOW COLUMNS FROM `orderdetail` [ RunTime:0.0163s ]
SQL: SELECT * FROM `orderdetail` WHERE ( orderid = '201711141609021242' )  [ RunTime:0.0152s ]
NOTIC: [8] iconv(): Detected an illegal character in input string /Users/mianhuatang/company/mq/mqgas/ThinkPHP/Library/Vendor/PHPWord/PHPWord/Section.php 第 113 行.
NOTIC: [8] iconv(): Detected an illegal character in input string /Users/mianhuatang/company/mq/mqgas/ThinkPHP/Library/Vendor/PHPWord/PHPWord/Section.php 第 113 行.
INFO: [ app_end ] --START--
INFO: Run Behavior\ShowPageTraceBehavior [ RunTime:0.000833s ]
INFO: [ app_end ] --END-- [ RunTime:0.000923s ]

[ 2017-11-17T11:15:13+08:00 ] ::1 /index.php/Mq/JMOrder/printJMOrder/
INFO: [ app_init ] --START--
INFO: Run Behavior\BuildLiteBehavior [ RunTime:0.000010s ]
INFO: [ app_init ] --END-- [ RunTime:0.000470s ]
INFO: [ app_begin ] --START--
INFO: Run Behavior\ReadHtmlCacheBehavior [ RunTime:0.000596s ]
INFO: [ app_begin ] --END-- [ RunTime:0.000631s ]
NOTIC: [8] A session had already been started - ignoring session_start() /Users/mianhuatang/company/mq/mqgas/ThinkPHP/Common/functions.php 第 1263 行.
SQL: SHOW COLUMNS FROM `ordermain` [ RunTime:0.0158s ]
SQL: SELECT * FROM `ordermain` LEFT JOIN orderdgs as d on d.orderid = ordermain.pkid  WHERE ( ordermain.pkid = '201711141609021242' ) LIMIT 1   [ RunTime:0.0155s ]
SQL: SHOW COLUMNS FROM `orderdetail` [ RunTime:0.0160s ]
SQL: SELECT * FROM `orderdetail` WHERE ( orderid = '201711141609021242' )  [ RunTime:0.0140s ]
NOTIC: [2] iconv() expects exactly 3 parameters, 2 given /Users/mianhuatang/company/mq/mqgas/Application/Mq/Controller/JMOrderController.class.php 第 473 行.
NOTIC: [8] iconv(): Detected an illegal character in input string /Users/mianhuatang/company/mq/mqgas/ThinkPHP/Library/Vendor/PHPWord/PHPWord/Section.php 第 113 行.
NOTIC: [8] iconv(): Detected an illegal character in input string /Users/mianhuatang/company/mq/mqgas/ThinkPHP/Library/Vendor/PHPWord/PHPWord/Section.php 第 113 行.
INFO: [ app_end ] --START--
INFO: Run Behavior\ShowPageTraceBehavior [ RunTime:0.000913s ]
INFO: [ app_end ] --END-- [ RunTime:0.001028s ]

[ 2017-11-17T11:15:51+08:00 ] ::1 /index.php/Mq/JMOrder/printJMOrder/
INFO: [ app_init ] --START--
INFO: Run Behavior\BuildLiteBehavior [ RunTime:0.000010s ]
INFO: [ app_init ] --END-- [ RunTime:0.000504s ]
INFO: [ app_begin ] --START--
INFO: Run Behavior\ReadHtmlCacheBehavior [ RunTime:0.000678s ]
INFO: [ app_begin ] --END-- [ RunTime:0.000725s ]
NOTIC: [8] A session had already been started - ignoring session_start() /Users/mianhuatang/company/mq/mqgas/ThinkPHP/Common/functions.php 第 1263 行.
SQL: SHOW COLUMNS FROM `ordermain` [ RunTime:0.0148s ]
SQL: SELECT * FROM `ordermain` LEFT JOIN orderdgs as d on d.orderid = ordermain.pkid  WHERE ( ordermain.pkid = '201711141609021242' ) LIMIT 1   [ RunTime:0.0156s ]
SQL: SHOW COLUMNS FROM `orderdetail` [ RunTime:0.0149s ]
SQL: SELECT * FROM `orderdetail` WHERE ( orderid = '201711141609021242' )  [ RunTime:0.0140s ]
NOTIC: [8] iconv(): Detected an illegal character in input string /Users/mianhuatang/company/mq/mqgas/ThinkPHP/Library/Vendor/PHPWord/PHPWord/Section.php 第 113 行.
NOTIC: [8] iconv(): Detected an illegal character in input string /Users/mianhuatang/company/mq/mqgas/ThinkPHP/Library/Vendor/PHPWord/PHPWord/Section.php 第 113 行.
INFO: [ app_end ] --START--
INFO: Run Behavior\ShowPageTraceBehavior [ RunTime:0.000887s ]
INFO: [ app_end ] --END-- [ RunTime:0.000969s ]

[ 2017-11-17T11:37:53+08:00 ] ::1 /index.php/Mq/JMOrder/printJMOrder/
INFO: [ app_init ] --START--
INFO: Run Behavior\BuildLiteBehavior [ RunTime:0.000012s ]
INFO: [ app_init ] --END-- [ RunTime:0.000679s ]
INFO: [ app_begin ] --START--
INFO: Run Behavior\ReadHtmlCacheBehavior [ RunTime:0.000898s ]
INFO: [ app_begin ] --END-- [ RunTime:0.000972s ]
NOTIC: [8] A session had already been started - ignoring session_start() /Users/mianhuatang/company/mq/mqgas/ThinkPHP/Common/functions.php 第 1263 行.
SQL: SHOW COLUMNS FROM `ordermain` [ RunTime:0.0153s ]
SQL: SELECT * FROM `ordermain` LEFT JOIN orderdgs as d on d.orderid = ordermain.pkid  WHERE ( ordermain.pkid = '201711141609021242' ) LIMIT 1   [ RunTime:0.0154s ]
SQL: SHOW COLUMNS FROM `orderdetail` [ RunTime:0.0158s ]
SQL: SELECT * FROM `orderdetail` WHERE ( orderid = '201711141609021242' )  [ RunTime:0.0154s ]
NOTIC: [8] iconv(): Detected an illegal character in input string /Users/mianhuatang/company/mq/mqgas/ThinkPHP/Library/Vendor/PHPWord/PHPWord/Section.php 第 113 行.
NOTIC: [8] iconv(): Detected an illegal character in input string /Users/mianhuatang/company/mq/mqgas/ThinkPHP/Library/Vendor/PHPWord/PHPWord/Section.php 第 113 行.
NOTIC: [8] iconv(): Detected an illegal character in input string /Users/mianhuatang/company/mq/mqgas/ThinkPHP/Library/Vendor/PHPWord/PHPWord/Section.php 第 113 行.
NOTIC: [8] iconv(): Detected an illegal character in input string /Users/mianhuatang/company/mq/mqgas/ThinkPHP/Library/Vendor/PHPWord/PHPWord/Section.php 第 113 行.
NOTIC: [8] Undefined index: mname /Users/mianhuatang/company/mq/mqgas/Application/Mq/Controller/JMOrderController.class.php 第 493 行.
NOTIC: [8] iconv(): Detected an illegal character in input string /Users/mianhuatang/company/mq/mqgas/ThinkPHP/Library/Vendor/PHPWord/PHPWord/Section.php 第 113 行.
NOTIC: [8] Undefined index: pname /Users/mianhuatang/company/mq/mqgas/Application/Mq/Controller/JMOrderController.class.php 第 495 行.
NOTIC: [8] iconv(): Detected an illegal character in input string /Users/mianhuatang/company/mq/mqgas/ThinkPHP/Library/Vendor/PHPWord/PHPWord/Section.php 第 113 行.
NOTIC: [8] iconv(): Detected an illegal character in input string /Users/mianhuatang/company/mq/mqgas/ThinkPHP/Library/Vendor/PHPWord/PHPWord/Section.php 第 113 行.
NOTIC: [8] iconv(): Detected an illegal character in input string /Users/mianhuatang/company/mq/mqgas/ThinkPHP/Library/Vendor/PHPWord/PHPWord/Section.php 第 113 行.
INFO: [ app_end ] --START--
INFO: Run Behavior\ShowPageTraceBehavior [ RunTime:0.000995s ]
INFO: [ app_end ] --END-- [ RunTime:0.001099s ]

[ 2017-11-17T11:51:34+08:00 ] ::1 /index.php/Mq/JMOrder/printJMOrder/
INFO: [ app_init ] --START--
INFO: Run Behavior\BuildLiteBehavior [ RunTime:0.000020s ]
INFO: [ app_init ] --END-- [ RunTime:0.000524s ]
INFO: [ app_begin ] --START--
INFO: Run Behavior\ReadHtmlCacheBehavior [ RunTime:0.000671s ]
INFO: [ app_begin ] --END-- [ RunTime:0.000724s ]
NOTIC: [8] A session had already been started - ignoring session_start() /Users/mianhuatang/company/mq/mqgas/ThinkPHP/Common/functions.php 第 1263 行.
SQL: SHOW COLUMNS FROM `ordermain` [ RunTime:0.0160s ]
SQL: SELECT * FROM `ordermain` LEFT JOIN orderdgs as d on d.orderid = ordermain.pkid  WHERE ( ordermain.pkid = '201711141609021242' ) LIMIT 1   [ RunTime:0.0153s ]
SQL: SHOW COLUMNS FROM `orderdetail` [ RunTime:0.0148s ]
SQL: SELECT * FROM `orderdetail` WHERE ( orderid = '201711141609021242' )  [ RunTime:0.0140s ]
NOTIC: [8] iconv(): Detected an illegal character in input string /Users/mianhuatang/company/mq/mqgas/ThinkPHP/Library/Vendor/PHPWord/PHPWord/Section.php 第 113 行.
NOTIC: [8] iconv(): Detected an illegal character in input string /Users/mianhuatang/company/mq/mqgas/ThinkPHP/Library/Vendor/PHPWord/PHPWord/Section.php 第 113 行.
NOTIC: [8] iconv(): Detected an illegal character in input string /Users/mianhuatang/company/mq/mqgas/ThinkPHP/Library/Vendor/PHPWord/PHPWord/Section.php 第 113 行.
NOTIC: [8] iconv(): Detected an illegal character in input string /Users/mianhuatang/company/mq/mqgas/ThinkPHP/Library/Vendor/PHPWord/PHPWord/Section.php 第 113 行.
NOTIC: [8] Undefined index: mname /Users/mianhuatang/company/mq/mqgas/Application/Mq/Controller/JMOrderController.class.php 第 493 行.
NOTIC: [8] iconv(): Detected an illegal character in input string /Users/mianhuatang/company/mq/mqgas/ThinkPHP/Library/Vendor/PHPWord/PHPWord/Section.php 第 113 行.
NOTIC: [8] Undefined index: pname /Users/mianhuatang/company/mq/mqgas/Application/Mq/Controller/JMOrderController.class.php 第 495 行.
NOTIC: [8] iconv(): Detected an illegal character in input string /Users/mianhuatang/company/mq/mqgas/ThinkPHP/Library/Vendor/PHPWord/PHPWord/Section.php 第 113 行.
NOTIC: [8] iconv(): Detected an illegal character in input string /Users/mianhuatang/company/mq/mqgas/ThinkPHP/Library/Vendor/PHPWord/PHPWord/Section.php 第 113 行.
NOTIC: [8] iconv(): Detected an illegal character in input string /Users/mianhuatang/company/mq/mqgas/ThinkPHP/Library/Vendor/PHPWord/PHPWord/Section.php 第 113 行.
INFO: [ app_end ] --START--
INFO: Run Behavior\ShowPageTraceBehavior [ RunTime:0.000783s ]
INFO: [ app_end ] --END-- [ RunTime:0.000848s ]

[ 2017-11-17T11:56:34+08:00 ] ::1 /index.php/Mq/JMOrder/printJMOrder/
INFO: [ app_init ] --START--
INFO: Run Behavior\BuildLiteBehavior [ RunTime:0.000013s ]
INFO: [ app_init ] --END-- [ RunTime:0.000794s ]
INFO: [ app_begin ] --START--
INFO: Run Behavior\ReadHtmlCacheBehavior [ RunTime:0.000935s ]
INFO: [ app_begin ] --END-- [ RunTime:0.001009s ]
NOTIC: [8] A session had already been started - ignoring session_start() /Users/mianhuatang/company/mq/mqgas/ThinkPHP/Common/functions.php 第 1263 行.
SQL: SHOW COLUMNS FROM `ordermain` [ RunTime:0.0155s ]
SQL: SELECT * FROM `ordermain` LEFT JOIN orderdgs as d on d.orderid = ordermain.pkid  WHERE ( ordermain.pkid = '201711141609021242' ) LIMIT 1   [ RunTime:0.0154s ]
SQL: SHOW COLUMNS FROM `orderdetail` [ RunTime:0.0153s ]
SQL: SELECT * FROM `orderdetail` WHERE ( orderid = '201711141609021242' )  [ RunTime:0.0139s ]
NOTIC: [8] iconv(): Detected an illegal character in input string /Users/mianhuatang/company/mq/mqgas/ThinkPHP/Library/Vendor/PHPWord/PHPWord/Section.php 第 113 行.
NOTIC: [8] iconv(): Detected an illegal character in input string /Users/mianhuatang/company/mq/mqgas/ThinkPHP/Library/Vendor/PHPWord/PHPWord/Section.php 第 113 行.
NOTIC: [8] iconv(): Detected an illegal character in input string /Users/mianhuatang/company/mq/mqgas/ThinkPHP/Library/Vendor/PHPWord/PHPWord/Section.php 第 113 行.
NOTIC: [8] iconv(): Detected an illegal character in input string /Users/mianhuatang/company/mq/mqgas/ThinkPHP/Library/Vendor/PHPWord/PHPWord/Section.php 第 113 行.
NOTIC: [8] Undefined index: mname /Users/mianhuatang/company/mq/mqgas/Application/Mq/Controller/JMOrderController.class.php 第 493 行.
NOTIC: [8] iconv(): Detected an illegal character in input string /Users/mianhuatang/company/mq/mqgas/ThinkPHP/Library/Vendor/PHPWord/PHPWord/Section.php 第 113 行.
NOTIC: [8] Undefined index: pname /Users/mianhuatang/company/mq/mqgas/Application/Mq/Controller/JMOrderController.class.php 第 495 行.
NOTIC: [8] iconv(): Detected an illegal character in input string /Users/mianhuatang/company/mq/mqgas/ThinkPHP/Library/Vendor/PHPWord/PHPWord/Section.php 第 113 行.
NOTIC: [8] iconv(): Detected an illegal character in input string /Users/mianhuatang/company/mq/mqgas/ThinkPHP/Library/Vendor/PHPWord/PHPWord/Section.php 第 113 行.
NOTIC: [8] iconv(): Detected an illegal character in input string /Users/mianhuatang/company/mq/mqgas/ThinkPHP/Library/Vendor/PHPWord/PHPWord/Section.php 第 113 行.
INFO: [ app_end ] --START--
INFO: Run Behavior\ShowPageTraceBehavior [ RunTime:0.000836s ]
INFO: [ app_end ] --END-- [ RunTime:0.000936s ]

[ 2017-11-17T11:59:46+08:00 ] ::1 /index.php/Mq/JMOrder/printJMOrder/
INFO: [ app_init ] --START--
INFO: Run Behavior\BuildLiteBehavior [ RunTime:0.000012s ]
INFO: [ app_init ] --END-- [ RunTime:0.000718s ]
INFO: [ app_begin ] --START--
INFO: Run Behavior\ReadHtmlCacheBehavior [ RunTime:0.000883s ]
INFO: [ app_begin ] --END-- [ RunTime:0.000960s ]
NOTIC: [8] A session had already been started - ignoring session_start() /Users/mianhuatang/company/mq/mqgas/ThinkPHP/Common/functions.php 第 1263 行.
SQL: SHOW COLUMNS FROM `ordermain` [ RunTime:0.0162s ]
SQL: SELECT * FROM `ordermain` LEFT JOIN orderdgs as d on d.orderid = ordermain.pkid  WHERE ( ordermain.pkid = '201711141609021242' ) LIMIT 1   [ RunTime:0.0230s ]
SQL: SHOW COLUMNS FROM `orderdetail` [ RunTime:0.0158s ]
SQL: SELECT * FROM `orderdetail` WHERE ( orderid = '201711141609021242' )  [ RunTime:0.0157s ]
NOTIC: [8] iconv(): Detected an illegal character in input string /Users/mianhuatang/company/mq/mqgas/ThinkPHP/Library/Vendor/PHPWord/PHPWord/Section.php 第 113 行.
NOTIC: [8] iconv(): Detected an illegal character in input string /Users/mianhuatang/company/mq/mqgas/ThinkPHP/Library/Vendor/PHPWord/PHPWord/Section.php 第 113 行.
NOTIC: [8] iconv(): Detected an illegal character in input string /Users/mianhuatang/company/mq/mqgas/ThinkPHP/Library/Vendor/PHPWord/PHPWord/Section.php 第 113 行.
NOTIC: [8] iconv(): Detected an illegal character in input string /Users/mianhuatang/company/mq/mqgas/ThinkPHP/Library/Vendor/PHPWord/PHPWord/Section.php 第 113 行.
NOTIC: [8] Undefined index: mname /Users/mianhuatang/company/mq/mqgas/Application/Mq/Controller/JMOrderController.class.php 第 493 行.
NOTIC: [8] iconv(): Detected an illegal character in input string /Users/mianhuatang/company/mq/mqgas/ThinkPHP/Library/Vendor/PHPWord/PHPWord/Section.php 第 113 行.
NOTIC: [8] Undefined index: pname /Users/mianhuatang/company/mq/mqgas/Application/Mq/Controller/JMOrderController.class.php 第 495 行.
NOTIC: [8] iconv(): Detected an illegal character in input string /Users/mianhuatang/company/mq/mqgas/ThinkPHP/Library/Vendor/PHPWord/PHPWord/Section.php 第 113 行.
NOTIC: [8] iconv(): Detected an illegal character in input string /Users/mianhuatang/company/mq/mqgas/ThinkPHP/Library/Vendor/PHPWord/PHPWord/Section.php 第 113 行.
NOTIC: [8] iconv(): Detected an illegal character in input string /Users/mianhuatang/company/mq/mqgas/ThinkPHP/Library/Vendor/PHPWord/PHPWord/Section.php 第 113 行.
INFO: [ app_end ] --START--
INFO: Run Behavior\ShowPageTraceBehavior [ RunTime:0.000868s ]
INFO: [ app_end ] --END-- [ RunTime:0.000947s ]

[ 2017-11-17T12:19:20+08:00 ] ::1 /index.php/Mq/JMOrder/printJMOrder/
INFO: [ app_init ] --START--
INFO: Run Behavior\BuildLiteBehavior [ RunTime:0.000011s ]
INFO: [ app_init ] --END-- [ RunTime:0.001024s ]
INFO: [ app_begin ] --START--
INFO: Run Behavior\ReadHtmlCacheBehavior [ RunTime:0.001490s ]
INFO: [ app_begin ] --END-- [ RunTime:0.001656s ]
NOTIC: [8] A session had already been started - ignoring session_start() /Users/mianhuatang/company/mq/mqgas/ThinkPHP/Common/functions.php 第 1263 行.
SQL: SHOW COLUMNS FROM `ordermain` [ RunTime:0.0175s ]
SQL: SELECT * FROM `ordermain` LEFT JOIN orderdgs as d on d.orderid = ordermain.pkid  WHERE ( ordermain.pkid = '201711141609021242' ) LIMIT 1   [ RunTime:0.0175s ]
SQL: SHOW COLUMNS FROM `orderdetail` [ RunTime:0.0165s ]
SQL: SELECT * FROM `orderdetail` WHERE ( orderid = '201711141609021242' )  [ RunTime:0.0148s ]
NOTIC: [8] Undefined index: mname /Users/mianhuatang/company/mq/mqgas/Application/Mq/Controller/JMOrderController.class.php 第 493 行.
NOTIC: [8] Undefined index: pname /Users/mianhuatang/company/mq/mqgas/Application/Mq/Controller/JMOrderController.class.php 第 495 行.
INFO: [ app_end ] --START--
INFO: Run Behavior\ShowPageTraceBehavior [ RunTime:0.000844s ]
INFO: [ app_end ] --END-- [ RunTime:0.000913s ]

[ 2017-11-17T12:43:57+08:00 ] ::1 /index.php/Mq/JMOrder/printJMOrder/
INFO: [ app_init ] --START--
INFO: Run Behavior\BuildLiteBehavior [ RunTime:0.000013s ]
INFO: [ app_init ] --END-- [ RunTime:0.000812s ]
INFO: [ app_begin ] --START--
INFO: Run Behavior\ReadHtmlCacheBehavior [ RunTime:0.000861s ]
INFO: [ app_begin ] --END-- [ RunTime:0.000936s ]
NOTIC: [8] A session had already been started - ignoring session_start() /Users/mianhuatang/company/mq/mqgas/ThinkPHP/Common/functions.php 第 1263 行.
SQL: SHOW COLUMNS FROM `ordermain` [ RunTime:0.0170s ]
SQL: SELECT * FROM `ordermain` LEFT JOIN orderdgs as d on d.orderid = ordermain.pkid  WHERE ( ordermain.pkid = '201711141609021242' ) LIMIT 1   [ RunTime:0.0155s ]
SQL: SHOW COLUMNS FROM `orderdetail` [ RunTime:0.0136s ]
SQL: SELECT * FROM `orderdetail` WHERE ( orderid = '201711141609021242' )  [ RunTime:0.0142s ]
NOTIC: [8] iconv(): Detected an illegal character in input string /Users/mianhuatang/company/mq/mqgas/ThinkPHP/Library/Vendor/PHPWord/PHPWord/Section.php 第 113 行.
NOTIC: [8] iconv(): Detected an illegal character in input string /Users/mianhuatang/company/mq/mqgas/ThinkPHP/Library/Vendor/PHPWord/PHPWord/Section.php 第 113 行.
NOTIC: [8] iconv(): Detected an illegal character in input string /Users/mianhuatang/company/mq/mqgas/ThinkPHP/Library/Vendor/PHPWord/PHPWord/Section.php 第 113 行.
NOTIC: [8] iconv(): Detected an illegal character in input string /Users/mianhuatang/company/mq/mqgas/ThinkPHP/Library/Vendor/PHPWord/PHPWord/Section.php 第 113 行.
NOTIC: [8] Undefined index: mname /Users/mianhuatang/company/mq/mqgas/Application/Mq/Controller/JMOrderController.class.php 第 493 行.
NOTIC: [8] iconv(): Detected an illegal character in input string /Users/mianhuatang/company/mq/mqgas/ThinkPHP/Library/Vendor/PHPWord/PHPWord/Section.php 第 113 行.
NOTIC: [8] Undefined index: pname /Users/mianhuatang/company/mq/mqgas/Application/Mq/Controller/JMOrderController.class.php 第 495 行.
NOTIC: [8] iconv(): Detected an illegal character in input string /Users/mianhuatang/company/mq/mqgas/ThinkPHP/Library/Vendor/PHPWord/PHPWord/Section.php 第 113 行.
NOTIC: [8] iconv(): Detected an illegal character in input string /Users/mianhuatang/company/mq/mqgas/ThinkPHP/Library/Vendor/PHPWord/PHPWord/Section.php 第 113 行.
NOTIC: [8] iconv(): Detected an illegal character in input string /Users/mianhuatang/company/mq/mqgas/ThinkPHP/Library/Vendor/PHPWord/PHPWord/Section.php 第 113 行.
INFO: [ app_end ] --START--
INFO: Run Behavior\ShowPageTraceBehavior [ RunTime:0.000846s ]
INFO: [ app_end ] --END-- [ RunTime:0.000941s ]

[ 2017-11-17T12:46:56+08:00 ] ::1 /index.php/Mq/JMOrder/printJMOrder/
INFO: [ app_init ] --START--
INFO: Run Behavior\BuildLiteBehavior [ RunTime:0.000013s ]
INFO: [ app_init ] --END-- [ RunTime:0.000733s ]
INFO: [ app_begin ] --START--
INFO: Run Behavior\ReadHtmlCacheBehavior [ RunTime:0.000807s ]
INFO: [ app_begin ] --END-- [ RunTime:0.000881s ]
NOTIC: [8] A session had already been started - ignoring session_start() /Users/mianhuatang/company/mq/mqgas/ThinkPHP/Common/functions.php 第 1263 行.

[ 2017-11-17T12:47:20+08:00 ] ::1 /index.php/Mq/Daily/loaddepartment
INFO: [ app_init ] --START--
INFO: Run Behavior\BuildLiteBehavior [ RunTime:0.000007s ]
INFO: [ app_init ] --END-- [ RunTime:0.000148s ]
INFO: [ app_begin ] --START--
INFO: Run Behavior\ReadHtmlCacheBehavior [ RunTime:0.000188s ]
INFO: [ app_begin ] --END-- [ RunTime:0.000209s ]
NOTIC: [8] A session had already been started - ignoring session_start() /Users/mianhuatang/company/mq/mqgas/ThinkPHP/Common/functions.php 第 1263 行.
SQL: SHOW COLUMNS FROM `department` [ RunTime:0.0141s ]
SQL: SELECT * FROM `department` WHERE ( flag = 1 )  [ RunTime:0.0150s ]
INFO: [ app_end ] --START--
INFO: Run Behavior\ShowPageTraceBehavior [ RunTime:0.000755s ]
INFO: [ app_end ] --END-- [ RunTime:0.001060s ]

[ 2017-11-17T12:47:21+08:00 ] ::1 /index.php/Mq/JMOrder/printJMOrder/
INFO: [ app_init ] --START--
INFO: Run Behavior\BuildLiteBehavior [ RunTime:0.000006s ]
INFO: [ app_init ] --END-- [ RunTime:0.000142s ]
INFO: [ app_begin ] --START--
INFO: Run Behavior\ReadHtmlCacheBehavior [ RunTime:0.000206s ]
INFO: [ app_begin ] --END-- [ RunTime:0.000229s ]
NOTIC: [8] A session had already been started - ignoring session_start() /Users/mianhuatang/company/mq/mqgas/ThinkPHP/Common/functions.php 第 1263 行.
SQL: SHOW COLUMNS FROM `ordermain` [ RunTime:0.0148s ]
SQL: SELECT * FROM `ordermain` LEFT JOIN orderdgs as d on d.orderid = ordermain.pkid  WHERE ( ordermain.pkid = '201711141609021242' ) LIMIT 1   [ RunTime:0.0158s ]
SQL: SHOW COLUMNS FROM `orderdetail` [ RunTime:0.0149s ]
SQL: SELECT * FROM `orderdetail` WHERE ( orderid = '201711141609021242' )  [ RunTime:0.0141s ]
NOTIC: [8] iconv(): Detected an illegal character in input string /Users/mianhuatang/company/mq/mqgas/ThinkPHP/Library/Vendor/PHPWord/PHPWord/Section.php 第 113 行.
NOTIC: [8] Undefined index: mname /Users/mianhuatang/company/mq/mqgas/Application/Mq/Controller/JMOrderController.class.php 第 493 行.
NOTIC: [8] Undefined index: pname /Users/mianhuatang/company/mq/mqgas/Application/Mq/Controller/JMOrderController.class.php 第 495 行.
INFO: [ app_end ] --START--
INFO: Run Behavior\ShowPageTraceBehavior [ RunTime:0.000578s ]
INFO: [ app_end ] --END-- [ RunTime:0.001243s ]

[ 2017-11-17T12:48:47+08:00 ] ::1 /index.php/Mq/JMOrder/printJMOrder/
INFO: [ app_init ] --START--
INFO: Run Behavior\BuildLiteBehavior [ RunTime:0.000007s ]
INFO: [ app_init ] --END-- [ RunTime:0.000144s ]
INFO: [ app_begin ] --START--
INFO: Run Behavior\ReadHtmlCacheBehavior [ RunTime:0.000178s ]
INFO: [ app_begin ] --END-- [ RunTime:0.000199s ]
NOTIC: [8] A session had already been started - ignoring session_start() /Users/mianhuatang/company/mq/mqgas/ThinkPHP/Common/functions.php 第 1263 行.
SQL: SHOW COLUMNS FROM `ordermain` [ RunTime:0.0155s ]
SQL: SELECT * FROM `ordermain` LEFT JOIN orderdgs as d on d.orderid = ordermain.pkid  WHERE ( ordermain.pkid = '201711141609021242' ) LIMIT 1   [ RunTime:0.0189s ]
SQL: SHOW COLUMNS FROM `orderdetail` [ RunTime:0.0145s ]
SQL: SELECT * FROM `orderdetail` WHERE ( orderid = '201711141609021242' )  [ RunTime:0.0147s ]
NOTIC: [8] Undefined index: mname /Users/mianhuatang/company/mq/mqgas/Application/Mq/Controller/JMOrderController.class.php 第 493 行.
NOTIC: [8] Undefined index: pname /Users/mianhuatang/company/mq/mqgas/Application/Mq/Controller/JMOrderController.class.php 第 495 行.
INFO: [ app_end ] --START--
INFO: Run Behavior\ShowPageTraceBehavior [ RunTime:0.000720s ]
INFO: [ app_end ] --END-- [ RunTime:0.000808s ]

[ 2017-11-17T12:49:18+08:00 ] ::1 /index.php/Mq/JMOrder/printJMOrder/
INFO: [ app_init ] --START--
INFO: Run Behavior\BuildLiteBehavior [ RunTime:0.000008s ]
INFO: [ app_init ] --END-- [ RunTime:0.000169s ]
INFO: [ app_begin ] --START--
INFO: Run Behavior\ReadHtmlCacheBehavior [ RunTime:0.000209s ]
INFO: [ app_begin ] --END-- [ RunTime:0.000234s ]
NOTIC: [8] A session had already been started - ignoring session_start() /Users/mianhuatang/company/mq/mqgas/ThinkPHP/Common/functions.php 第 1263 行.
SQL: SHOW COLUMNS FROM `ordermain` [ RunTime:0.0444s ]
SQL: SELECT * FROM `ordermain` LEFT JOIN orderdgs as d on d.orderid = ordermain.pkid  WHERE ( ordermain.pkid = '201711141609021242' ) LIMIT 1   [ RunTime:0.0617s ]
SQL: SHOW COLUMNS FROM `orderdetail` [ RunTime:0.0655s ]
SQL: SELECT * FROM `orderdetail` WHERE ( orderid = '201711141609021242' )  [ RunTime:0.0764s ]
NOTIC: [8] Undefined index: mname /Users/mianhuatang/company/mq/mqgas/Application/Mq/Controller/JMOrderController.class.php 第 493 行.
NOTIC: [8] Undefined index: pname /Users/mianhuatang/company/mq/mqgas/Application/Mq/Controller/JMOrderController.class.php 第 495 行.
INFO: [ app_end ] --START--
INFO: Run Behavior\ShowPageTraceBehavior [ RunTime:0.000766s ]
INFO: [ app_end ] --END-- [ RunTime:0.000851s ]

[ 2017-11-17T15:43:24+08:00 ] ::1 /index.php/Mq/Daily/loaddepartment
INFO: [ app_init ] --START--
INFO: Run Behavior\BuildLiteBehavior [ RunTime:0.000008s ]
INFO: [ app_init ] --END-- [ RunTime:0.000166s ]
INFO: [ app_begin ] --START--
INFO: Run Behavior\ReadHtmlCacheBehavior [ RunTime:0.000232s ]
INFO: [ app_begin ] --END-- [ RunTime:0.000260s ]
NOTIC: [8] A session had already been started - ignoring session_start() /Users/mianhuatang/company/mq/mqgas/ThinkPHP/Common/functions.php 第 1263 行.
SQL: SHOW COLUMNS FROM `department` [ RunTime:0.0163s ]
SQL: SELECT * FROM `department` WHERE ( flag = 1 )  [ RunTime:0.0139s ]
INFO: [ app_end ] --START--
INFO: Run Behavior\ShowPageTraceBehavior [ RunTime:0.000589s ]
INFO: [ app_end ] --END-- [ RunTime:0.000667s ]

[ 2017-11-17T15:43:34+08:00 ] ::1 /index.php/Mq/JMOrder/findProductOrderByStatus/status/3
INFO: [ app_init ] --START--
INFO: Run Behavior\BuildLiteBehavior [ RunTime:0.000023s ]
INFO: [ app_init ] --END-- [ RunTime:0.000269s ]
INFO: [ app_begin ] --START--
INFO: Run Behavior\ReadHtmlCacheBehavior [ RunTime:0.000221s ]
INFO: [ app_begin ] --END-- [ RunTime:0.000250s ]
NOTIC: [8] A session had already been started - ignoring session_start() /Users/mianhuatang/company/mq/mqgas/ThinkPHP/Common/functions.php 第 1263 行.
SQL: SHOW COLUMNS FROM `userinfo` [ RunTime:0.0135s ]
SQL: SELECT * FROM `userinfo` WHERE ( pid='59fbcafb18c9e' ) LIMIT 1   [ RunTime:0.0159s ]
SQL: select count(*) as totalrecord from ordermain as o left join orderjm as d on d.orderid = o.pkid  where status=-7 and jmstatus=2   [ RunTime:0.0225s ]
SQL: select o.*,d.mid from ordermain as o left join orderjm as d on d.orderid = o.pkid  where status=-7 and jmstatus=2  order by buytime desc,pkid limit 0,20 [ RunTime:0.0251s ]
NOTIC: [8] Undefined variable: updowntag /Users/mianhuatang/company/mq/mqgas/Application/Mq/Controller/JMOrderController.class.php 第 84 行.
INFO: [ app_end ] --START--
INFO: Run Behavior\ShowPageTraceBehavior [ RunTime:0.000792s ]
INFO: [ app_end ] --END-- [ RunTime:0.000845s ]

[ 2017-11-17T15:43:36+08:00 ] ::1 /index.php/Mq/JMOrder/findProductOrderByStatus/status/3
INFO: [ app_init ] --START--
INFO: Run Behavior\BuildLiteBehavior [ RunTime:0.000008s ]
INFO: [ app_init ] --END-- [ RunTime:0.000169s ]
INFO: [ app_begin ] --START--
INFO: Run Behavior\ReadHtmlCacheBehavior [ RunTime:0.000207s ]
INFO: [ app_begin ] --END-- [ RunTime:0.000232s ]
NOTIC: [8] A session had already been started - ignoring session_start() /Users/mianhuatang/company/mq/mqgas/ThinkPHP/Common/functions.php 第 1263 行.
SQL: SHOW COLUMNS FROM `userinfo` [ RunTime:0.0138s ]
SQL: SELECT * FROM `userinfo` WHERE ( pid='59fbcafb18c9e' ) LIMIT 1   [ RunTime:0.0148s ]
SQL: select count(*) as totalrecord from ordermain as o left join orderjm as d on d.orderid = o.pkid  where status=-7 and jmstatus=2   [ RunTime:0.0145s ]
SQL: select o.*,d.mid from ordermain as o left join orderjm as d on d.orderid = o.pkid  where status=-7 and jmstatus=2  order by buytime desc,pkid limit 0,20 [ RunTime:0.0140s ]
NOTIC: [8] Undefined variable: updowntag /Users/mianhuatang/company/mq/mqgas/Application/Mq/Controller/JMOrderController.class.php 第 84 行.
INFO: [ app_end ] --START--
INFO: Run Behavior\ShowPageTraceBehavior [ RunTime:0.000629s ]
INFO: [ app_end ] --END-- [ RunTime:0.000712s ]

[ 2017-11-17T15:43:36+08:00 ] ::1 /index.php/Mq/JMOrder/findProductOrderByStatus/status/4
INFO: [ app_init ] --START--
INFO: Run Behavior\BuildLiteBehavior [ RunTime:0.000008s ]
INFO: [ app_init ] --END-- [ RunTime:0.000167s ]
INFO: [ app_begin ] --START--
INFO: Run Behavior\ReadHtmlCacheBehavior [ RunTime:0.000465s ]
INFO: [ app_begin ] --END-- [ RunTime:0.000504s ]
NOTIC: [8] A session had already been started - ignoring session_start() /Users/mianhuatang/company/mq/mqgas/ThinkPHP/Common/functions.php 第 1263 行.
SQL: SHOW COLUMNS FROM `userinfo` [ RunTime:0.0154s ]
SQL: SELECT * FROM `userinfo` WHERE ( pid='59fbcafb18c9e' ) LIMIT 1   [ RunTime:0.0174s ]
SQL: select count(*) as totalrecord from ordermain as o left join orderjm as d on d.orderid = o.pkid  where status=-7 and jmstatus=3  [ RunTime:0.0402s ]
SQL: select o.* from ordermain as o left join orderjm as d on d.orderid = o.pkid  where status=-7 and jmstatus=3  order by buytime desc,pkid limit 0,20 [ RunTime:0.0415s ]
NOTIC: [8] Undefined variable: updowntag /Users/mianhuatang/company/mq/mqgas/Application/Mq/Controller/JMOrderController.class.php 第 84 行.
NOTIC: [8] Undefined index: mid /Users/mianhuatang/company/mq/mqgas/Application/Mq/Controller/JMOrderController.class.php 第 91 行.
NOTIC: [8] Undefined index: recardate /Users/mianhuatang/company/mq/mqgas/Application/Mq/Controller/JMOrderController.class.php 第 121 行.
NOTIC: [8] Undefined index: mid /Users/mianhuatang/company/mq/mqgas/Application/Mq/Controller/JMOrderController.class.php 第 91 行.
NOTIC: [8] Undefined index: recardate /Users/mianhuatang/company/mq/mqgas/Application/Mq/Controller/JMOrderController.class.php 第 121 行.
NOTIC: [8] Undefined index: mid /Users/mianhuatang/company/mq/mqgas/Application/Mq/Controller/JMOrderController.class.php 第 91 行.
NOTIC: [8] Undefined index: recardate /Users/mianhuatang/company/mq/mqgas/Application/Mq/Controller/JMOrderController.class.php 第 121 行.
NOTIC: [8] Undefined index: mid /Users/mianhuatang/company/mq/mqgas/Application/Mq/Controller/JMOrderController.class.php 第 91 行.
NOTIC: [8] Undefined index: recardate /Users/mianhuatang/company/mq/mqgas/Application/Mq/Controller/JMOrderController.class.php 第 121 行.
NOTIC: [8] Undefined index: mid /Users/mianhuatang/company/mq/mqgas/Application/Mq/Controller/JMOrderController.class.php 第 91 行.
NOTIC: [8] Undefined index: recardate /Users/mianhuatang/company/mq/mqgas/Application/Mq/Controller/JMOrderController.class.php 第 121 行.
NOTIC: [8] Undefined index: mid /Users/mianhuatang/company/mq/mqgas/Application/Mq/Controller/JMOrderController.class.php 第 91 行.
NOTIC: [8] Undefined index: recardate /Users/mianhuatang/company/mq/mqgas/Application/Mq/Controller/JMOrderController.class.php 第 121 行.
NOTIC: [8] Undefined index: mid /Users/mianhuatang/company/mq/mqgas/Application/Mq/Controller/JMOrderController.class.php 第 91 行.
NOTIC: [8] Undefined index: recardate /Users/mianhuatang/company/mq/mqgas/Application/Mq/Controller/JMOrderController.class.php 第 121 行.
NOTIC: [8] Undefined index: mid /Users/mianhuatang/company/mq/mqgas/Application/Mq/Controller/JMOrderController.class.php 第 91 行.
NOTIC: [8] Undefined index: recardate /Users/mianhuatang/company/mq/mqgas/Application/Mq/Controller/JMOrderController.class.php 第 121 行.
NOTIC: [8] Undefined index: mid /Users/mianhuatang/company/mq/mqgas/Application/Mq/Controller/JMOrderController.class.php 第 91 行.
NOTIC: [8] Undefined index: recardate /Users/mianhuatang/company/mq/mqgas/Application/Mq/Controller/JMOrderController.class.php 第 121 行.
NOTIC: [8] Undefined index: mid /Users/mianhuatang/company/mq/mqgas/Application/Mq/Controller/JMOrderController.class.php 第 91 行.
NOTIC: [8] Undefined index: recardate /Users/mianhuatang/company/mq/mqgas/Application/Mq/Controller/JMOrderController.class.php 第 121 行.
NOTIC: [8] Undefined index: mid /Users/mianhuatang/company/mq/mqgas/Application/Mq/Controller/JMOrderController.class.php 第 91 行.
NOTIC: [8] Undefined index: recardate /Users/mianhuatang/company/mq/mqgas/Application/Mq/Controller/JMOrderController.class.php 第 121 行.
NOTIC: [8] Undefined index: mid /Users/mianhuatang/company/mq/mqgas/Application/Mq/Controller/JMOrderController.class.php 第 91 行.
NOTIC: [8] Undefined index: recardate /Users/mianhuatang/company/mq/mqgas/Application/Mq/Controller/JMOrderController.class.php 第 121 行.
NOTIC: [8] Undefined index: mid /Users/mianhuatang/company/mq/mqgas/Application/Mq/Controller/JMOrderController.class.php 第 91 行.
NOTIC: [8] Undefined index: recardate /Users/mianhuatang/company/mq/mqgas/Application/Mq/Controller/JMOrderController.class.php 第 121 行.
NOTIC: [8] Undefined index: mid /Users/mianhuatang/company/mq/mqgas/Application/Mq/Controller/JMOrderController.class.php 第 91 行.
NOTIC: [8] Undefined index: recardate /Users/mianhuatang/company/mq/mqgas/Application/Mq/Controller/JMOrderController.class.php 第 121 行.
NOTIC: [8] Undefined index: mid /Users/mianhuatang/company/mq/mqgas/Application/Mq/Controller/JMOrderController.class.php 第 91 行.
NOTIC: [8] Undefined index: recardate /Users/mianhuatang/company/mq/mqgas/Application/Mq/Controller/JMOrderController.class.php 第 121 行.
NOTIC: [8] Undefined index: mid /Users/mianhuatang/company/mq/mqgas/Application/Mq/Controller/JMOrderController.class.php 第 91 行.
NOTIC: [8] Undefined index: recardate /Users/mianhuatang/company/mq/mqgas/Application/Mq/Controller/JMOrderController.class.php 第 121 行.
NOTIC: [8] Undefined index: mid /Users/mianhuatang/company/mq/mqgas/Application/Mq/Controller/JMOrderController.class.php 第 91 行.
NOTIC: [8] Undefined index: recardate /Users/mianhuatang/company/mq/mqgas/Application/Mq/Controller/JMOrderController.class.php 第 121 行.
NOTIC: [8] Undefined index: mid /Users/mianhuatang/company/mq/mqgas/Application/Mq/Controller/JMOrderController.class.php 第 91 行.
NOTIC: [8] Undefined index: recardate /Users/mianhuatang/company/mq/mqgas/Application/Mq/Controller/JMOrderController.class.php 第 121 行.
INFO: [ app_end ] --START--
INFO: Run Behavior\ShowPageTraceBehavior [ RunTime:0.000571s ]
INFO: [ app_end ] --END-- [ RunTime:0.000631s ]

[ 2017-11-17T15:43:38+08:00 ] ::1 /index.php/Mq/JMOrder/findProductOrderByStatus/status/4
INFO: [ app_init ] --START--
INFO: Run Behavior\BuildLiteBehavior [ RunTime:0.000013s ]
INFO: [ app_init ] --END-- [ RunTime:0.002444s ]
INFO: [ app_begin ] --START--
INFO: Run Behavior\ReadHtmlCacheBehavior [ RunTime:0.000284s ]
INFO: [ app_begin ] --END-- [ RunTime:0.000315s ]
NOTIC: [8] A session had already been started - ignoring session_start() /Users/mianhuatang/company/mq/mqgas/ThinkPHP/Common/functions.php 第 1263 行.
SQL: SHOW COLUMNS FROM `userinfo` [ RunTime:0.0149s ]
SQL: SELECT * FROM `userinfo` WHERE ( pid='59fbcafb18c9e' ) LIMIT 1   [ RunTime:0.0135s ]
SQL: select count(*) as totalrecord from ordermain as o left join orderjm as d on d.orderid = o.pkid  where status=-7 and jmstatus=3  [ RunTime:0.0143s ]
SQL: select o.* from ordermain as o left join orderjm as d on d.orderid = o.pkid  where status=-7 and jmstatus=3  order by buytime desc,pkid limit 0,20 [ RunTime:0.0158s ]
NOTIC: [8] Undefined variable: updowntag /Users/mianhuatang/company/mq/mqgas/Application/Mq/Controller/JMOrderController.class.php 第 84 行.
NOTIC: [8] Undefined index: mid /Users/mianhuatang/company/mq/mqgas/Application/Mq/Controller/JMOrderController.class.php 第 91 行.
NOTIC: [8] Undefined index: recardate /Users/mianhuatang/company/mq/mqgas/Application/Mq/Controller/JMOrderController.class.php 第 121 行.
NOTIC: [8] Undefined index: mid /Users/mianhuatang/company/mq/mqgas/Application/Mq/Controller/JMOrderController.class.php 第 91 行.
NOTIC: [8] Undefined index: recardate /Users/mianhuatang/company/mq/mqgas/Application/Mq/Controller/JMOrderController.class.php 第 121 行.
NOTIC: [8] Undefined index: mid /Users/mianhuatang/company/mq/mqgas/Application/Mq/Controller/JMOrderController.class.php 第 91 行.
NOTIC: [8] Undefined index: recardate /Users/mianhuatang/company/mq/mqgas/Application/Mq/Controller/JMOrderController.class.php 第 121 行.
NOTIC: [8] Undefined index: mid /Users/mianhuatang/company/mq/mqgas/Application/Mq/Controller/JMOrderController.class.php 第 91 行.
NOTIC: [8] Undefined index: recardate /Users/mianhuatang/company/mq/mqgas/Application/Mq/Controller/JMOrderController.class.php 第 121 行.
NOTIC: [8] Undefined index: mid /Users/mianhuatang/company/mq/mqgas/Application/Mq/Controller/JMOrderController.class.php 第 91 行.
NOTIC: [8] Undefined index: recardate /Users/mianhuatang/company/mq/mqgas/Application/Mq/Controller/JMOrderController.class.php 第 121 行.
NOTIC: [8] Undefined index: mid /Users/mianhuatang/company/mq/mqgas/Application/Mq/Controller/JMOrderController.class.php 第 91 行.
NOTIC: [8] Undefined index: recardate /Users/mianhuatang/company/mq/mqgas/Application/Mq/Controller/JMOrderController.class.php 第 121 行.
NOTIC: [8] Undefined index: mid /Users/mianhuatang/company/mq/mqgas/Application/Mq/Controller/JMOrderController.class.php 第 91 行.
NOTIC: [8] Undefined index: recardate /Users/mianhuatang/company/mq/mqgas/Application/Mq/Controller/JMOrderController.class.php 第 121 行.
NOTIC: [8] Undefined index: mid /Users/mianhuatang/company/mq/mqgas/Application/Mq/Controller/JMOrderController.class.php 第 91 行.
NOTIC: [8] Undefined index: recardate /Users/mianhuatang/company/mq/mqgas/Application/Mq/Controller/JMOrderController.class.php 第 121 行.
NOTIC: [8] Undefined index: mid /Users/mianhuatang/company/mq/mqgas/Application/Mq/Controller/JMOrderController.class.php 第 91 行.
NOTIC: [8] Undefined index: recardate /Users/mianhuatang/company/mq/mqgas/Application/Mq/Controller/JMOrderController.class.php 第 121 行.
NOTIC: [8] Undefined index: mid /Users/mianhuatang/company/mq/mqgas/Application/Mq/Controller/JMOrderController.class.php 第 91 行.
NOTIC: [8] Undefined index: recardate /Users/mianhuatang/company/mq/mqgas/Application/Mq/Controller/JMOrderController.class.php 第 121 行.
NOTIC: [8] Undefined index: mid /Users/mianhuatang/company/mq/mqgas/Application/Mq/Controller/JMOrderController.class.php 第 91 行.
NOTIC: [8] Undefined index: recardate /Users/mianhuatang/company/mq/mqgas/Application/Mq/Controller/JMOrderController.class.php 第 121 行.
NOTIC: [8] Undefined index: mid /Users/mianhuatang/company/mq/mqgas/Application/Mq/Controller/JMOrderController.class.php 第 91 行.
NOTIC: [8] Undefined index: recardate /Users/mianhuatang/company/mq/mqgas/Application/Mq/Controller/JMOrderController.class.php 第 121 行.
NOTIC: [8] Undefined index: mid /Users/mianhuatang/company/mq/mqgas/Application/Mq/Controller/JMOrderController.class.php 第 91 行.
NOTIC: [8] Undefined index: recardate /Users/mianhuatang/company/mq/mqgas/Application/Mq/Controller/JMOrderController.class.php 第 121 行.
NOTIC: [8] Undefined index: mid /Users/mianhuatang/company/mq/mqgas/Application/Mq/Controller/JMOrderController.class.php 第 91 行.
NOTIC: [8] Undefined index: recardate /Users/mianhuatang/company/mq/mqgas/Application/Mq/Controller/JMOrderController.class.php 第 121 行.
NOTIC: [8] Undefined index: mid /Users/mianhuatang/company/mq/mqgas/Application/Mq/Controller/JMOrderController.class.php 第 91 行.
NOTIC: [8] Undefined index: recardate /Users/mianhuatang/company/mq/mqgas/Application/Mq/Controller/JMOrderController.class.php 第 121 行.
NOTIC: [8] Undefined index: mid /Users/mianhuatang/company/mq/mqgas/Application/Mq/Controller/JMOrderController.class.php 第 91 行.
NOTIC: [8] Undefined index: recardate /Users/mianhuatang/company/mq/mqgas/Application/Mq/Controller/JMOrderController.class.php 第 121 行.
NOTIC: [8] Undefined index: mid /Users/mianhuatang/company/mq/mqgas/Application/Mq/Controller/JMOrderController.class.php 第 91 行.
NOTIC: [8] Undefined index: recardate /Users/mianhuatang/company/mq/mqgas/Application/Mq/Controller/JMOrderController.class.php 第 121 行.
NOTIC: [8] Undefined index: mid /Users/mianhuatang/company/mq/mqgas/Application/Mq/Controller/JMOrderController.class.php 第 91 行.
NOTIC: [8] Undefined index: recardate /Users/mianhuatang/company/mq/mqgas/Application/Mq/Controller/JMOrderController.class.php 第 121 行.
INFO: [ app_end ] --START--
INFO: Run Behavior\ShowPageTraceBehavior [ RunTime:0.000556s ]
INFO: [ app_end ] --END-- [ RunTime:0.000603s ]

[ 2017-11-17T15:43:38+08:00 ] ::1 /index.php/Mq/JMOrder/findProductOrderByStatus/status/3
INFO: [ app_init ] --START--
INFO: Run Behavior\BuildLiteBehavior [ RunTime:0.000011s ]
INFO: [ app_init ] --END-- [ RunTime:0.000243s ]
INFO: [ app_begin ] --START--
INFO: Run Behavior\ReadHtmlCacheBehavior [ RunTime:0.000295s ]
INFO: [ app_begin ] --END-- [ RunTime:0.000330s ]
NOTIC: [8] A session had already been started - ignoring session_start() /Users/mianhuatang/company/mq/mqgas/ThinkPHP/Common/functions.php 第 1263 行.
SQL: SHOW COLUMNS FROM `userinfo` [ RunTime:0.0152s ]
SQL: SELECT * FROM `userinfo` WHERE ( pid='59fbcafb18c9e' ) LIMIT 1   [ RunTime:0.0166s ]
SQL: select count(*) as totalrecord from ordermain as o left join orderjm as d on d.orderid = o.pkid  where status=-7 and jmstatus=2   [ RunTime:0.0150s ]
SQL: select o.*,d.mid from ordermain as o left join orderjm as d on d.orderid = o.pkid  where status=-7 and jmstatus=2  order by buytime desc,pkid limit 0,20 [ RunTime:0.0136s ]
NOTIC: [8] Undefined variable: updowntag /Users/mianhuatang/company/mq/mqgas/Application/Mq/Controller/JMOrderController.class.php 第 84 行.
INFO: [ app_end ] --START--
INFO: Run Behavior\ShowPageTraceBehavior [ RunTime:0.000492s ]
INFO: [ app_end ] --END-- [ RunTime:0.000541s ]

