[ 2017-11-02T10:04:27+08:00 ] ::1 /index.php/Admin/Admin/login/username/superadmin/password/superadmin
INFO: [ app_init ] --START--
INFO: Run Behavior\BuildLiteBehavior [ RunTime:0.000027s ]
INFO: [ app_init ] --END-- [ RunTime:0.002146s ]
INFO: [ app_begin ] --START--
INFO: Run Behavior\ReadHtmlCacheBehavior [ RunTime:0.000897s ]
INFO: [ app_begin ] --END-- [ RunTime:0.000966s ]
NOTIC: [8] A session had already been started - ignoring session_start() /Users/mianhuatang/company/mq/mqgas/ThinkPHP/Common/functions.php 第 1263 行.
SQL: SHOW COLUMNS FROM `userinfo` [ RunTime:0.0171s ]
SQL: SELECT * FROM `userinfo` WHERE ( name='superadmin' ) LIMIT 1   [ RunTime:0.0163s ]
INFO: [ app_end ] --START--
INFO: Run Behavior\ShowPageTraceBehavior [ RunTime:0.002229s ]
INFO: [ app_end ] --END-- [ RunTime:0.002327s ]

[ 2017-11-02T10:04:27+08:00 ] ::1 /index.php/Admin/Admin/checksession
INFO: [ app_init ] --START--
INFO: Run Behavior\BuildLiteBehavior [ RunTime:0.000011s ]
INFO: [ app_init ] --END-- [ RunTime:0.000253s ]
INFO: [ app_begin ] --START--
INFO: Run Behavior\ReadHtmlCacheBehavior [ RunTime:0.000491s ]
INFO: [ app_begin ] --END-- [ RunTime:0.000563s ]
NOTIC: [8] A session had already been started - ignoring session_start() /Users/mianhuatang/company/mq/mqgas/ThinkPHP/Common/functions.php 第 1263 行.
INFO: [ app_end ] --START--
INFO: Run Behavior\ShowPageTraceBehavior [ RunTime:0.000542s ]
INFO: [ app_end ] --END-- [ RunTime:0.000609s ]

[ 2017-11-02T10:04:31+08:00 ] ::1 /index.php/Admin/Admin/checksession
INFO: [ app_init ] --START--
INFO: Run Behavior\BuildLiteBehavior [ RunTime:0.000011s ]
INFO: [ app_init ] --END-- [ RunTime:0.000261s ]
INFO: [ app_begin ] --START--
INFO: Run Behavior\ReadHtmlCacheBehavior [ RunTime:0.000372s ]
INFO: [ app_begin ] --END-- [ RunTime:0.000412s ]
NOTIC: [8] A session had already been started - ignoring session_start() /Users/mianhuatang/company/mq/mqgas/ThinkPHP/Common/functions.php 第 1263 行.
INFO: [ app_end ] --START--
INFO: Run Behavior\ShowPageTraceBehavior [ RunTime:0.000368s ]
INFO: [ app_end ] --END-- [ RunTime:0.000418s ]

[ 2017-11-02T10:04:33+08:00 ] ::1 /index.php/Admin/Admin/checksession
INFO: [ app_init ] --START--
INFO: Run Behavior\BuildLiteBehavior [ RunTime:0.000007s ]
INFO: [ app_init ] --END-- [ RunTime:0.000142s ]
INFO: [ app_begin ] --START--
INFO: Run Behavior\ReadHtmlCacheBehavior [ RunTime:0.000187s ]
INFO: [ app_begin ] --END-- [ RunTime:0.000207s ]
NOTIC: [8] A session had already been started - ignoring session_start() /Users/mianhuatang/company/mq/mqgas/ThinkPHP/Common/functions.php 第 1263 行.
INFO: [ app_end ] --START--
INFO: Run Behavior\ShowPageTraceBehavior [ RunTime:0.000187s ]
INFO: [ app_end ] --END-- [ RunTime:0.000208s ]

[ 2017-11-02T10:04:34+08:00 ] ::1 /index.php/Admin/Admin/checksession
INFO: [ app_init ] --START--
INFO: Run Behavior\BuildLiteBehavior [ RunTime:0.000010s ]
INFO: [ app_init ] --END-- [ RunTime:0.000251s ]
INFO: [ app_begin ] --START--
INFO: Run Behavior\ReadHtmlCacheBehavior [ RunTime:0.000313s ]
INFO: [ app_begin ] --END-- [ RunTime:0.000345s ]
NOTIC: [8] A session had already been started - ignoring session_start() /Users/mianhuatang/company/mq/mqgas/ThinkPHP/Common/functions.php 第 1263 行.
INFO: [ app_end ] --START--
INFO: Run Behavior\ShowPageTraceBehavior [ RunTime:0.000438s ]
INFO: [ app_end ] --END-- [ RunTime:0.000527s ]

[ 2017-11-02T10:07:40+08:00 ] ::1 /index.php/Admin/Admin/checksession
INFO: [ app_init ] --START--
INFO: Run Behavior\BuildLiteBehavior [ RunTime:0.000012s ]
INFO: [ app_init ] --END-- [ RunTime:0.000538s ]
INFO: [ app_begin ] --START--
INFO: Run Behavior\ReadHtmlCacheBehavior [ RunTime:0.000795s ]
INFO: [ app_begin ] --END-- [ RunTime:0.000838s ]
NOTIC: [8] A session had already been started - ignoring session_start() /Users/mianhuatang/company/mq/mqgas/ThinkPHP/Common/functions.php 第 1263 行.
INFO: [ app_end ] --START--
INFO: Run Behavior\ShowPageTraceBehavior [ RunTime:0.000703s ]
INFO: [ app_end ] --END-- [ RunTime:0.000750s ]

[ 2017-11-02T10:09:27+08:00 ] ::1 /index.php/Admin/Admin/checksession
INFO: [ app_init ] --START--
INFO: Run Behavior\BuildLiteBehavior [ RunTime:0.000011s ]
INFO: [ app_init ] --END-- [ RunTime:0.000480s ]
INFO: [ app_begin ] --START--
INFO: Run Behavior\ReadHtmlCacheBehavior [ RunTime:0.000567s ]
INFO: [ app_begin ] --END-- [ RunTime:0.000611s ]
NOTIC: [8] A session had already been started - ignoring session_start() /Users/mianhuatang/company/mq/mqgas/ThinkPHP/Common/functions.php 第 1263 行.
INFO: [ app_end ] --START--
INFO: Run Behavior\ShowPageTraceBehavior [ RunTime:0.000592s ]
INFO: [ app_end ] --END-- [ RunTime:0.000625s ]

[ 2017-11-02T10:09:30+08:00 ] ::1 /index.php/Admin/Admin/checksession
INFO: [ app_init ] --START--
INFO: Run Behavior\BuildLiteBehavior [ RunTime:0.000007s ]
INFO: [ app_init ] --END-- [ RunTime:0.000150s ]
INFO: [ app_begin ] --START--
INFO: Run Behavior\ReadHtmlCacheBehavior [ RunTime:0.000184s ]
INFO: [ app_begin ] --END-- [ RunTime:0.000204s ]
NOTIC: [8] A session had already been started - ignoring session_start() /Users/mianhuatang/company/mq/mqgas/ThinkPHP/Common/functions.php 第 1263 行.
INFO: [ app_end ] --START--
INFO: Run Behavior\ShowPageTraceBehavior [ RunTime:0.000189s ]
INFO: [ app_end ] --END-- [ RunTime:0.000211s ]

[ 2017-11-02T10:09:38+08:00 ] ::1 /index.php/Admin/Admin/checksession
INFO: [ app_init ] --START--
INFO: Run Behavior\BuildLiteBehavior [ RunTime:0.000008s ]
INFO: [ app_init ] --END-- [ RunTime:0.000169s ]
INFO: [ app_begin ] --START--
INFO: Run Behavior\ReadHtmlCacheBehavior [ RunTime:0.000223s ]
INFO: [ app_begin ] --END-- [ RunTime:0.000247s ]
NOTIC: [8] A session had already been started - ignoring session_start() /Users/mianhuatang/company/mq/mqgas/ThinkPHP/Common/functions.php 第 1263 行.
INFO: [ app_end ] --START--
INFO: Run Behavior\ShowPageTraceBehavior [ RunTime:0.000188s ]
INFO: [ app_end ] --END-- [ RunTime:0.000210s ]

[ 2017-11-02T10:09:40+08:00 ] ::1 /index.php/Admin/Admin/checksession
INFO: [ app_init ] --START--
INFO: Run Behavior\BuildLiteBehavior [ RunTime:0.000010s ]
INFO: [ app_init ] --END-- [ RunTime:0.000240s ]
INFO: [ app_begin ] --START--
INFO: Run Behavior\ReadHtmlCacheBehavior [ RunTime:0.000284s ]
INFO: [ app_begin ] --END-- [ RunTime:0.000314s ]
NOTIC: [8] A session had already been started - ignoring session_start() /Users/mianhuatang/company/mq/mqgas/ThinkPHP/Common/functions.php 第 1263 行.
INFO: [ app_end ] --START--
INFO: Run Behavior\ShowPageTraceBehavior [ RunTime:0.000196s ]
INFO: [ app_end ] --END-- [ RunTime:0.000232s ]

[ 2017-11-02T10:10:05+08:00 ] ::1 /index.php/Admin/Admin/checksession
INFO: [ app_init ] --START--
INFO: Run Behavior\BuildLiteBehavior [ RunTime:0.000008s ]
INFO: [ app_init ] --END-- [ RunTime:0.000170s ]
INFO: [ app_begin ] --START--
INFO: Run Behavior\ReadHtmlCacheBehavior [ RunTime:0.000198s ]
INFO: [ app_begin ] --END-- [ RunTime:0.000218s ]
NOTIC: [8] A session had already been started - ignoring session_start() /Users/mianhuatang/company/mq/mqgas/ThinkPHP/Common/functions.php 第 1263 行.
INFO: [ app_end ] --START--
INFO: Run Behavior\ShowPageTraceBehavior [ RunTime:0.000189s ]
INFO: [ app_end ] --END-- [ RunTime:0.000210s ]

[ 2017-11-02T10:10:07+08:00 ] ::1 /index.php/Admin/Admin/checksession
INFO: [ app_init ] --START--
INFO: Run Behavior\BuildLiteBehavior [ RunTime:0.000008s ]
INFO: [ app_init ] --END-- [ RunTime:0.000174s ]
INFO: [ app_begin ] --START--
INFO: Run Behavior\ReadHtmlCacheBehavior [ RunTime:0.000248s ]
INFO: [ app_begin ] --END-- [ RunTime:0.000269s ]
NOTIC: [8] A session had already been started - ignoring session_start() /Users/mianhuatang/company/mq/mqgas/ThinkPHP/Common/functions.php 第 1263 行.
INFO: [ app_end ] --START--
INFO: Run Behavior\ShowPageTraceBehavior [ RunTime:0.000210s ]
INFO: [ app_end ] --END-- [ RunTime:0.000233s ]

[ 2017-11-02T10:10:09+08:00 ] ::1 /index.php/Admin/Admin/checksession
INFO: [ app_init ] --START--
INFO: Run Behavior\BuildLiteBehavior [ RunTime:0.000010s ]
INFO: [ app_init ] --END-- [ RunTime:0.000222s ]
INFO: [ app_begin ] --START--
INFO: Run Behavior\ReadHtmlCacheBehavior [ RunTime:0.000309s ]
INFO: [ app_begin ] --END-- [ RunTime:0.000340s ]
NOTIC: [8] A session had already been started - ignoring session_start() /Users/mianhuatang/company/mq/mqgas/ThinkPHP/Common/functions.php 第 1263 行.
INFO: [ app_end ] --START--
INFO: Run Behavior\ShowPageTraceBehavior [ RunTime:0.000201s ]
INFO: [ app_end ] --END-- [ RunTime:0.000226s ]

[ 2017-11-02T10:10:18+08:00 ] ::1 /index.php/Admin/Admin/checksession
INFO: [ app_init ] --START--
INFO: Run Behavior\BuildLiteBehavior [ RunTime:0.000008s ]
INFO: [ app_init ] --END-- [ RunTime:0.000159s ]
INFO: [ app_begin ] --START--
INFO: Run Behavior\ReadHtmlCacheBehavior [ RunTime:0.000191s ]
INFO: [ app_begin ] --END-- [ RunTime:0.000213s ]
NOTIC: [8] A session had already been started - ignoring session_start() /Users/mianhuatang/company/mq/mqgas/ThinkPHP/Common/functions.php 第 1263 行.
INFO: [ app_end ] --START--
INFO: Run Behavior\ShowPageTraceBehavior [ RunTime:0.000199s ]
INFO: [ app_end ] --END-- [ RunTime:0.000221s ]

[ 2017-11-02T10:20:19+08:00 ] ::1 /index.php/Admin/Admin/checksession
INFO: [ app_init ] --START--
INFO: Run Behavior\BuildLiteBehavior [ RunTime:0.000009s ]
INFO: [ app_init ] --END-- [ RunTime:0.000439s ]
INFO: [ app_begin ] --START--
INFO: Run Behavior\ReadHtmlCacheBehavior [ RunTime:0.000536s ]
INFO: [ app_begin ] --END-- [ RunTime:0.000568s ]
NOTIC: [8] A session had already been started - ignoring session_start() /Users/mianhuatang/company/mq/mqgas/ThinkPHP/Common/functions.php 第 1263 行.
INFO: [ app_end ] --START--
INFO: Run Behavior\ShowPageTraceBehavior [ RunTime:0.000522s ]
INFO: [ app_end ] --END-- [ RunTime:0.000554s ]

[ 2017-11-02T10:20:27+08:00 ] ::1 /index.php/Admin/Admin/checksession
INFO: [ app_init ] --START--
INFO: Run Behavior\BuildLiteBehavior [ RunTime:0.000008s ]
INFO: [ app_init ] --END-- [ RunTime:0.000211s ]
INFO: [ app_begin ] --START--
INFO: Run Behavior\ReadHtmlCacheBehavior [ RunTime:0.000200s ]
INFO: [ app_begin ] --END-- [ RunTime:0.000220s ]
NOTIC: [8] A session had already been started - ignoring session_start() /Users/mianhuatang/company/mq/mqgas/ThinkPHP/Common/functions.php 第 1263 行.
INFO: [ app_end ] --START--
INFO: Run Behavior\ShowPageTraceBehavior [ RunTime:0.000360s ]
INFO: [ app_end ] --END-- [ RunTime:0.000416s ]

[ 2017-11-02T10:20:29+08:00 ] ::1 /index.php/Admin/Admin/checksession
INFO: [ app_init ] --START--
INFO: Run Behavior\BuildLiteBehavior [ RunTime:0.000006s ]
INFO: [ app_init ] --END-- [ RunTime:0.000141s ]
INFO: [ app_begin ] --START--
INFO: Run Behavior\ReadHtmlCacheBehavior [ RunTime:0.000284s ]
INFO: [ app_begin ] --END-- [ RunTime:0.000315s ]
NOTIC: [8] A session had already been started - ignoring session_start() /Users/mianhuatang/company/mq/mqgas/ThinkPHP/Common/functions.php 第 1263 行.
INFO: [ app_end ] --START--
INFO: Run Behavior\ShowPageTraceBehavior [ RunTime:0.000190s ]
INFO: [ app_end ] --END-- [ RunTime:0.000212s ]

[ 2017-11-02T10:20:46+08:00 ] ::1 /index.php/Admin/Admin/checksession
INFO: [ app_init ] --START--
INFO: Run Behavior\BuildLiteBehavior [ RunTime:0.000007s ]
INFO: [ app_init ] --END-- [ RunTime:0.000147s ]
INFO: [ app_begin ] --START--
INFO: Run Behavior\ReadHtmlCacheBehavior [ RunTime:0.000182s ]
INFO: [ app_begin ] --END-- [ RunTime:0.000203s ]
NOTIC: [8] A session had already been started - ignoring session_start() /Users/mianhuatang/company/mq/mqgas/ThinkPHP/Common/functions.php 第 1263 行.
INFO: [ app_end ] --START--
INFO: Run Behavior\ShowPageTraceBehavior [ RunTime:0.000233s ]
INFO: [ app_end ] --END-- [ RunTime:0.000265s ]

[ 2017-11-02T10:20:51+08:00 ] ::1 /index.php/Admin/Admin/checksession
INFO: [ app_init ] --START--
INFO: Run Behavior\BuildLiteBehavior [ RunTime:0.000010s ]
INFO: [ app_init ] --END-- [ RunTime:0.000256s ]
INFO: [ app_begin ] --START--
INFO: Run Behavior\ReadHtmlCacheBehavior [ RunTime:0.000973s ]
INFO: [ app_begin ] --END-- [ RunTime:0.001016s ]
NOTIC: [8] A session had already been started - ignoring session_start() /Users/mianhuatang/company/mq/mqgas/ThinkPHP/Common/functions.php 第 1263 行.
INFO: [ app_end ] --START--
INFO: Run Behavior\ShowPageTraceBehavior [ RunTime:0.000258s ]
INFO: [ app_end ] --END-- [ RunTime:0.000292s ]

[ 2017-11-02T10:20:52+08:00 ] ::1 /index.php/Admin/Admin/checksession
INFO: [ app_init ] --START--
INFO: Run Behavior\BuildLiteBehavior [ RunTime:0.000010s ]
INFO: [ app_init ] --END-- [ RunTime:0.000240s ]
INFO: [ app_begin ] --START--
INFO: Run Behavior\ReadHtmlCacheBehavior [ RunTime:0.000205s ]
INFO: [ app_begin ] --END-- [ RunTime:0.000230s ]
NOTIC: [8] A session had already been started - ignoring session_start() /Users/mianhuatang/company/mq/mqgas/ThinkPHP/Common/functions.php 第 1263 行.
INFO: [ app_end ] --START--
INFO: Run Behavior\ShowPageTraceBehavior [ RunTime:0.000280s ]
INFO: [ app_end ] --END-- [ RunTime:0.000308s ]

[ 2017-11-02T10:20:56+08:00 ] ::1 /index.php/Admin/Admin/checksession
INFO: [ app_init ] --START--
INFO: Run Behavior\BuildLiteBehavior [ RunTime:0.000006s ]
INFO: [ app_init ] --END-- [ RunTime:0.000141s ]
INFO: [ app_begin ] --START--
INFO: Run Behavior\ReadHtmlCacheBehavior [ RunTime:0.000176s ]
INFO: [ app_begin ] --END-- [ RunTime:0.000197s ]
NOTIC: [8] A session had already been started - ignoring session_start() /Users/mianhuatang/company/mq/mqgas/ThinkPHP/Common/functions.php 第 1263 行.
INFO: [ app_end ] --START--
INFO: Run Behavior\ShowPageTraceBehavior [ RunTime:0.000183s ]
INFO: [ app_end ] --END-- [ RunTime:0.000206s ]

[ 2017-11-02T10:20:58+08:00 ] ::1 /index.php/Admin/Admin/checksession
INFO: [ app_init ] --START--
INFO: Run Behavior\BuildLiteBehavior [ RunTime:0.000008s ]
INFO: [ app_init ] --END-- [ RunTime:0.000146s ]
INFO: [ app_begin ] --START--
INFO: Run Behavior\ReadHtmlCacheBehavior [ RunTime:0.000256s ]
INFO: [ app_begin ] --END-- [ RunTime:0.000280s ]
NOTIC: [8] A session had already been started - ignoring session_start() /Users/mianhuatang/company/mq/mqgas/ThinkPHP/Common/functions.php 第 1263 行.
INFO: [ app_end ] --START--
INFO: Run Behavior\ShowPageTraceBehavior [ RunTime:0.000313s ]
INFO: [ app_end ] --END-- [ RunTime:0.000346s ]

[ 2017-11-02T10:21:16+08:00 ] ::1 /index.php/Admin/Admin/checksession
INFO: [ app_init ] --START--
INFO: Run Behavior\BuildLiteBehavior [ RunTime:0.000008s ]
INFO: [ app_init ] --END-- [ RunTime:0.000162s ]
INFO: [ app_begin ] --START--
INFO: Run Behavior\ReadHtmlCacheBehavior [ RunTime:0.000193s ]
INFO: [ app_begin ] --END-- [ RunTime:0.000213s ]
NOTIC: [8] A session had already been started - ignoring session_start() /Users/mianhuatang/company/mq/mqgas/ThinkPHP/Common/functions.php 第 1263 行.
INFO: [ app_end ] --START--
INFO: Run Behavior\ShowPageTraceBehavior [ RunTime:0.000281s ]
INFO: [ app_end ] --END-- [ RunTime:0.000313s ]

[ 2017-11-02T10:21:18+08:00 ] ::1 /index.php/Admin/Admin/checksession
INFO: [ app_init ] --START--
INFO: Run Behavior\BuildLiteBehavior [ RunTime:0.000011s ]
INFO: [ app_init ] --END-- [ RunTime:0.000184s ]
INFO: [ app_begin ] --START--
INFO: Run Behavior\ReadHtmlCacheBehavior [ RunTime:0.000305s ]
INFO: [ app_begin ] --END-- [ RunTime:0.000339s ]
NOTIC: [8] A session had already been started - ignoring session_start() /Users/mianhuatang/company/mq/mqgas/ThinkPHP/Common/functions.php 第 1263 行.
INFO: [ app_end ] --START--
INFO: Run Behavior\ShowPageTraceBehavior [ RunTime:0.000321s ]
INFO: [ app_end ] --END-- [ RunTime:0.000363s ]

[ 2017-11-02T10:21:21+08:00 ] ::1 /index.php/Admin/Admin/checksession
INFO: [ app_init ] --START--
INFO: Run Behavior\BuildLiteBehavior [ RunTime:0.000028s ]
INFO: [ app_init ] --END-- [ RunTime:0.000215s ]
INFO: [ app_begin ] --START--
INFO: Run Behavior\ReadHtmlCacheBehavior [ RunTime:0.000235s ]
INFO: [ app_begin ] --END-- [ RunTime:0.000264s ]
NOTIC: [8] A session had already been started - ignoring session_start() /Users/mianhuatang/company/mq/mqgas/ThinkPHP/Common/functions.php 第 1263 行.
INFO: [ app_end ] --START--
INFO: Run Behavior\ShowPageTraceBehavior [ RunTime:0.000227s ]
INFO: [ app_end ] --END-- [ RunTime:0.000255s ]

[ 2017-11-02T10:21:46+08:00 ] ::1 /index.php/Admin/Admin/checksession
INFO: [ app_init ] --START--
INFO: Run Behavior\BuildLiteBehavior [ RunTime:0.000008s ]
INFO: [ app_init ] --END-- [ RunTime:0.000153s ]
INFO: [ app_begin ] --START--
INFO: Run Behavior\ReadHtmlCacheBehavior [ RunTime:0.000221s ]
INFO: [ app_begin ] --END-- [ RunTime:0.000249s ]
NOTIC: [8] A session had already been started - ignoring session_start() /Users/mianhuatang/company/mq/mqgas/ThinkPHP/Common/functions.php 第 1263 行.
INFO: [ app_end ] --START--
INFO: Run Behavior\ShowPageTraceBehavior [ RunTime:0.000430s ]
INFO: [ app_end ] --END-- [ RunTime:0.000458s ]

[ 2017-11-02T10:21:47+08:00 ] ::1 /index.php/Admin/Admin/checksession
INFO: [ app_init ] --START--
INFO: Run Behavior\BuildLiteBehavior [ RunTime:0.000008s ]
INFO: [ app_init ] --END-- [ RunTime:0.000180s ]
INFO: [ app_begin ] --START--
INFO: Run Behavior\ReadHtmlCacheBehavior [ RunTime:0.000208s ]
INFO: [ app_begin ] --END-- [ RunTime:0.000239s ]
NOTIC: [8] A session had already been started - ignoring session_start() /Users/mianhuatang/company/mq/mqgas/ThinkPHP/Common/functions.php 第 1263 行.
INFO: [ app_end ] --START--
INFO: Run Behavior\ShowPageTraceBehavior [ RunTime:0.000199s ]
INFO: [ app_end ] --END-- [ RunTime:0.000224s ]

[ 2017-11-02T10:21:51+08:00 ] ::1 /index.php/Admin/Admin/checksession
INFO: [ app_init ] --START--
INFO: Run Behavior\BuildLiteBehavior [ RunTime:0.000010s ]
INFO: [ app_init ] --END-- [ RunTime:0.000253s ]
INFO: [ app_begin ] --START--
INFO: Run Behavior\ReadHtmlCacheBehavior [ RunTime:0.000372s ]
INFO: [ app_begin ] --END-- [ RunTime:0.000404s ]
NOTIC: [8] A session had already been started - ignoring session_start() /Users/mianhuatang/company/mq/mqgas/ThinkPHP/Common/functions.php 第 1263 行.
INFO: [ app_end ] --START--
INFO: Run Behavior\ShowPageTraceBehavior [ RunTime:0.000449s ]
INFO: [ app_end ] --END-- [ RunTime:0.000487s ]

[ 2017-11-02T10:22:01+08:00 ] ::1 /index.php/Admin/Admin/checksession
INFO: [ app_init ] --START--
INFO: Run Behavior\BuildLiteBehavior [ RunTime:0.000008s ]
INFO: [ app_init ] --END-- [ RunTime:0.000155s ]
INFO: [ app_begin ] --START--
INFO: Run Behavior\ReadHtmlCacheBehavior [ RunTime:0.000204s ]
INFO: [ app_begin ] --END-- [ RunTime:0.000225s ]
NOTIC: [8] A session had already been started - ignoring session_start() /Users/mianhuatang/company/mq/mqgas/ThinkPHP/Common/functions.php 第 1263 行.
INFO: [ app_end ] --START--
INFO: Run Behavior\ShowPageTraceBehavior [ RunTime:0.000212s ]
INFO: [ app_end ] --END-- [ RunTime:0.000239s ]

[ 2017-11-02T10:23:34+08:00 ] ::1 /index.php/Admin/Admin/checksession
INFO: [ app_init ] --START--
INFO: Run Behavior\BuildLiteBehavior [ RunTime:0.000009s ]
INFO: [ app_init ] --END-- [ RunTime:0.000491s ]
INFO: [ app_begin ] --START--
INFO: Run Behavior\ReadHtmlCacheBehavior [ RunTime:0.000501s ]
INFO: [ app_begin ] --END-- [ RunTime:0.000528s ]
NOTIC: [8] A session had already been started - ignoring session_start() /Users/mianhuatang/company/mq/mqgas/ThinkPHP/Common/functions.php 第 1263 行.
INFO: [ app_end ] --START--
INFO: Run Behavior\ShowPageTraceBehavior [ RunTime:0.000540s ]
INFO: [ app_end ] --END-- [ RunTime:0.000572s ]

[ 2017-11-02T10:39:48+08:00 ] ::1 /index.php/Admin/Admin/checksession
INFO: [ app_init ] --START--
INFO: Run Behavior\BuildLiteBehavior [ RunTime:0.000008s ]
INFO: [ app_init ] --END-- [ RunTime:0.000512s ]
INFO: [ app_begin ] --START--
INFO: Run Behavior\ReadHtmlCacheBehavior [ RunTime:0.000757s ]
INFO: [ app_begin ] --END-- [ RunTime:0.000800s ]
NOTIC: [8] A session had already been started - ignoring session_start() /Users/mianhuatang/company/mq/mqgas/ThinkPHP/Common/functions.php 第 1263 行.
INFO: [ app_end ] --START--
INFO: Run Behavior\ShowPageTraceBehavior [ RunTime:0.000812s ]
INFO: [ app_end ] --END-- [ RunTime:0.000874s ]

[ 2017-11-02T11:14:08+08:00 ] ::1 /index.php/Admin/Admin/checksession
INFO: [ app_init ] --START--
INFO: Run Behavior\BuildLiteBehavior [ RunTime:0.000011s ]
INFO: [ app_init ] --END-- [ RunTime:0.000664s ]
INFO: [ app_begin ] --START--
INFO: Run Behavior\ReadHtmlCacheBehavior [ RunTime:0.000689s ]
INFO: [ app_begin ] --END-- [ RunTime:0.000756s ]
NOTIC: [8] A session had already been started - ignoring session_start() /Users/mianhuatang/company/mq/mqgas/ThinkPHP/Common/functions.php 第 1263 行.
INFO: [ app_end ] --START--
INFO: Run Behavior\ShowPageTraceBehavior [ RunTime:0.000725s ]
INFO: [ app_end ] --END-- [ RunTime:0.000846s ]

[ 2017-11-02T11:29:47+08:00 ] ::1 /index.php/Admin/Admin/checksession
INFO: [ app_init ] --START--
INFO: Run Behavior\BuildLiteBehavior [ RunTime:0.000009s ]
INFO: [ app_init ] --END-- [ RunTime:0.000248s ]
INFO: [ app_begin ] --START--
INFO: Run Behavior\ReadHtmlCacheBehavior [ RunTime:0.000339s ]
INFO: [ app_begin ] --END-- [ RunTime:0.000383s ]
NOTIC: [8] A session had already been started - ignoring session_start() /Users/mianhuatang/company/mq/mqgas/ThinkPHP/Common/functions.php 第 1263 行.
INFO: [ app_end ] --START--
INFO: Run Behavior\ShowPageTraceBehavior [ RunTime:0.000364s ]
INFO: [ app_end ] --END-- [ RunTime:0.000413s ]

[ 2017-11-02T15:09:14+08:00 ] ::1 /index.php/Admin/Admin/login/username/superadmin/password/superadmin
INFO: [ app_init ] --START--
INFO: Run Behavior\BuildLiteBehavior [ RunTime:0.000042s ]
INFO: [ app_init ] --END-- [ RunTime:0.000977s ]
INFO: [ app_begin ] --START--
INFO: Run Behavior\ReadHtmlCacheBehavior [ RunTime:0.000578s ]
INFO: [ app_begin ] --END-- [ RunTime:0.000621s ]
NOTIC: [8] A session had already been started - ignoring session_start() /Users/mianhuatang/company/mq/mqgas/ThinkPHP/Common/functions.php 第 1263 行.
SQL: SHOW COLUMNS FROM `userinfo` [ RunTime:0.0132s ]
SQL: SELECT * FROM `userinfo` WHERE ( name='superadmin' ) LIMIT 1   [ RunTime:0.0125s ]
INFO: [ app_end ] --START--
INFO: Run Behavior\ShowPageTraceBehavior [ RunTime:0.001294s ]
INFO: [ app_end ] --END-- [ RunTime:0.001359s ]

[ 2017-11-02T15:09:15+08:00 ] ::1 /index.php/Admin/Admin/login/username/superadmin/password/superadmin
INFO: [ app_init ] --START--
INFO: Run Behavior\BuildLiteBehavior [ RunTime:0.000014s ]
INFO: [ app_init ] --END-- [ RunTime:0.000220s ]
INFO: [ app_begin ] --START--
INFO: Run Behavior\ReadHtmlCacheBehavior [ RunTime:0.000302s ]
INFO: [ app_begin ] --END-- [ RunTime:0.000336s ]
NOTIC: [8] A session had already been started - ignoring session_start() /Users/mianhuatang/company/mq/mqgas/ThinkPHP/Common/functions.php 第 1263 行.
SQL: SHOW COLUMNS FROM `userinfo` [ RunTime:0.0217s ]
SQL: SELECT * FROM `userinfo` WHERE ( name='superadmin' ) LIMIT 1   [ RunTime:0.0137s ]
INFO: [ app_end ] --START--
INFO: Run Behavior\ShowPageTraceBehavior [ RunTime:0.001009s ]
INFO: [ app_end ] --END-- [ RunTime:0.001118s ]

[ 2017-11-02T15:10:58+08:00 ] ::1 /index.php/Admin/Admin/login/username/superadmin/password/superadmin
INFO: [ app_init ] --START--
INFO: Run Behavior\BuildLiteBehavior [ RunTime:0.000017s ]
INFO: [ app_init ] --END-- [ RunTime:0.000618s ]
INFO: [ app_begin ] --START--
INFO: Run Behavior\ReadHtmlCacheBehavior [ RunTime:0.000788s ]
INFO: [ app_begin ] --END-- [ RunTime:0.000849s ]
NOTIC: [8] A session had already been started - ignoring session_start() /Users/mianhuatang/company/mq/mqgas/ThinkPHP/Common/functions.php 第 1263 行.
SQL: SHOW COLUMNS FROM `userinfo` [ RunTime:0.0167s ]
SQL: SELECT * FROM `userinfo` WHERE ( name='superadmin' ) LIMIT 1   [ RunTime:0.0130s ]
INFO: [ app_end ] --START--
INFO: Run Behavior\ShowPageTraceBehavior [ RunTime:0.001822s ]
INFO: [ app_end ] --END-- [ RunTime:0.001856s ]

[ 2017-11-02T15:10:58+08:00 ] ::1 /index.php/Admin/Admin/checksession
INFO: [ app_init ] --START--
INFO: Run Behavior\BuildLiteBehavior [ RunTime:0.000009s ]
INFO: [ app_init ] --END-- [ RunTime:0.000185s ]
INFO: [ app_begin ] --START--
INFO: Run Behavior\ReadHtmlCacheBehavior [ RunTime:0.000517s ]
INFO: [ app_begin ] --END-- [ RunTime:0.000616s ]
NOTIC: [8] A session had already been started - ignoring session_start() /Users/mianhuatang/company/mq/mqgas/ThinkPHP/Common/functions.php 第 1263 行.
INFO: [ app_end ] --START--
INFO: Run Behavior\ShowPageTraceBehavior [ RunTime:0.000324s ]
INFO: [ app_end ] --END-- [ RunTime:0.000368s ]

[ 2017-11-02T15:11:09+08:00 ] ::1 /index.php/Admin/Admin/checksession
INFO: [ app_init ] --START--
INFO: Run Behavior\BuildLiteBehavior [ RunTime:0.000012s ]
INFO: [ app_init ] --END-- [ RunTime:0.000198s ]
INFO: [ app_begin ] --START--
INFO: Run Behavior\ReadHtmlCacheBehavior [ RunTime:0.000457s ]
INFO: [ app_begin ] --END-- [ RunTime:0.000508s ]
NOTIC: [8] A session had already been started - ignoring session_start() /Users/mianhuatang/company/mq/mqgas/ThinkPHP/Common/functions.php 第 1263 行.
INFO: [ app_end ] --START--
INFO: Run Behavior\ShowPageTraceBehavior [ RunTime:0.000384s ]
INFO: [ app_end ] --END-- [ RunTime:0.000435s ]

[ 2017-11-02T15:11:10+08:00 ] ::1 /index.php/Admin/Admin/checksession
INFO: [ app_init ] --START--
INFO: Run Behavior\BuildLiteBehavior [ RunTime:0.000007s ]
INFO: [ app_init ] --END-- [ RunTime:0.000145s ]
INFO: [ app_begin ] --START--
INFO: Run Behavior\ReadHtmlCacheBehavior [ RunTime:0.000182s ]
INFO: [ app_begin ] --END-- [ RunTime:0.000202s ]
NOTIC: [8] A session had already been started - ignoring session_start() /Users/mianhuatang/company/mq/mqgas/ThinkPHP/Common/functions.php 第 1263 行.
INFO: [ app_end ] --START--
INFO: Run Behavior\ShowPageTraceBehavior [ RunTime:0.000196s ]
INFO: [ app_end ] --END-- [ RunTime:0.000221s ]

[ 2017-11-02T15:11:16+08:00 ] ::1 /index.php/Admin/Admin/checksession
INFO: [ app_init ] --START--
INFO: Run Behavior\BuildLiteBehavior [ RunTime:0.000054s ]
INFO: [ app_init ] --END-- [ RunTime:0.000547s ]
INFO: [ app_begin ] --START--
INFO: Run Behavior\ReadHtmlCacheBehavior [ RunTime:0.000356s ]
INFO: [ app_begin ] --END-- [ RunTime:0.000397s ]
NOTIC: [8] A session had already been started - ignoring session_start() /Users/mianhuatang/company/mq/mqgas/ThinkPHP/Common/functions.php 第 1263 行.
INFO: [ app_end ] --START--
INFO: Run Behavior\ShowPageTraceBehavior [ RunTime:0.000272s ]
INFO: [ app_end ] --END-- [ RunTime:0.000324s ]

[ 2017-11-02T15:11:19+08:00 ] ::1 /index.php/Admin/Admin/checksession
INFO: [ app_init ] --START--
INFO: Run Behavior\BuildLiteBehavior [ RunTime:0.000009s ]
INFO: [ app_init ] --END-- [ RunTime:0.000174s ]
INFO: [ app_begin ] --START--
INFO: Run Behavior\ReadHtmlCacheBehavior [ RunTime:0.000219s ]
INFO: [ app_begin ] --END-- [ RunTime:0.000243s ]
NOTIC: [8] A session had already been started - ignoring session_start() /Users/mianhuatang/company/mq/mqgas/ThinkPHP/Common/functions.php 第 1263 行.
INFO: [ app_end ] --START--
INFO: Run Behavior\ShowPageTraceBehavior [ RunTime:0.000247s ]
INFO: [ app_end ] --END-- [ RunTime:0.000279s ]

[ 2017-11-02T15:11:22+08:00 ] ::1 /index.php/Admin/Admin/checksession
INFO: [ app_init ] --START--
INFO: Run Behavior\BuildLiteBehavior [ RunTime:0.000007s ]
INFO: [ app_init ] --END-- [ RunTime:0.000146s ]
INFO: [ app_begin ] --START--
INFO: Run Behavior\ReadHtmlCacheBehavior [ RunTime:0.000181s ]
INFO: [ app_begin ] --END-- [ RunTime:0.000201s ]
NOTIC: [8] A session had already been started - ignoring session_start() /Users/mianhuatang/company/mq/mqgas/ThinkPHP/Common/functions.php 第 1263 行.
INFO: [ app_end ] --START--
INFO: Run Behavior\ShowPageTraceBehavior [ RunTime:0.000225s ]
INFO: [ app_end ] --END-- [ RunTime:0.000257s ]

[ 2017-11-02T15:11:25+08:00 ] ::1 /index.php/Admin/Admin/checksession
INFO: [ app_init ] --START--
INFO: Run Behavior\BuildLiteBehavior [ RunTime:0.000009s ]
INFO: [ app_init ] --END-- [ RunTime:0.000184s ]
INFO: [ app_begin ] --START--
INFO: Run Behavior\ReadHtmlCacheBehavior [ RunTime:0.000212s ]
INFO: [ app_begin ] --END-- [ RunTime:0.000235s ]
NOTIC: [8] A session had already been started - ignoring session_start() /Users/mianhuatang/company/mq/mqgas/ThinkPHP/Common/functions.php 第 1263 行.
INFO: [ app_end ] --START--
INFO: Run Behavior\ShowPageTraceBehavior [ RunTime:0.000315s ]
INFO: [ app_end ] --END-- [ RunTime:0.000355s ]

[ 2017-11-02T15:14:51+08:00 ] ::1 /index.php/Admin/Admin/checksession
INFO: [ app_init ] --START--
INFO: Run Behavior\BuildLiteBehavior [ RunTime:0.000011s ]
INFO: [ app_init ] --END-- [ RunTime:0.000281s ]
INFO: [ app_begin ] --START--
INFO: Run Behavior\ReadHtmlCacheBehavior [ RunTime:0.000240s ]
INFO: [ app_begin ] --END-- [ RunTime:0.000266s ]
NOTIC: [8] A session had already been started - ignoring session_start() /Users/mianhuatang/company/mq/mqgas/ThinkPHP/Common/functions.php 第 1263 行.
INFO: [ app_end ] --START--
INFO: Run Behavior\ShowPageTraceBehavior [ RunTime:0.000282s ]
INFO: [ app_end ] --END-- [ RunTime:0.000321s ]

[ 2017-11-02T15:16:45+08:00 ] ::1 /index.php/Admin/Admin/checksession
INFO: [ app_init ] --START--
INFO: Run Behavior\BuildLiteBehavior [ RunTime:0.000013s ]
INFO: [ app_init ] --END-- [ RunTime:0.000202s ]
INFO: [ app_begin ] --START--
INFO: Run Behavior\ReadHtmlCacheBehavior [ RunTime:0.000444s ]
INFO: [ app_begin ] --END-- [ RunTime:0.000486s ]
NOTIC: [8] A session had already been started - ignoring session_start() /Users/mianhuatang/company/mq/mqgas/ThinkPHP/Common/functions.php 第 1263 行.
INFO: [ app_end ] --START--
INFO: Run Behavior\ShowPageTraceBehavior [ RunTime:0.000231s ]
INFO: [ app_end ] --END-- [ RunTime:0.000263s ]

[ 2017-11-02T15:16:52+08:00 ] ::1 /index.php/Admin/Admin/checksession
INFO: [ app_init ] --START--
INFO: Run Behavior\BuildLiteBehavior [ RunTime:0.000008s ]
INFO: [ app_init ] --END-- [ RunTime:0.000175s ]
INFO: [ app_begin ] --START--
INFO: Run Behavior\ReadHtmlCacheBehavior [ RunTime:0.000333s ]
INFO: [ app_begin ] --END-- [ RunTime:0.000360s ]
NOTIC: [8] A session had already been started - ignoring session_start() /Users/mianhuatang/company/mq/mqgas/ThinkPHP/Common/functions.php 第 1263 行.
INFO: [ app_end ] --START--
INFO: Run Behavior\ShowPageTraceBehavior [ RunTime:0.000233s ]
INFO: [ app_end ] --END-- [ RunTime:0.000264s ]

[ 2017-11-02T15:48:58+08:00 ] ::1 /index.php/Admin/Admin/checksession
INFO: [ app_init ] --START--
INFO: Run Behavior\BuildLiteBehavior [ RunTime:0.000020s ]
INFO: [ app_init ] --END-- [ RunTime:0.000540s ]
INFO: [ app_begin ] --START--
INFO: Run Behavior\ReadHtmlCacheBehavior [ RunTime:0.000849s ]
INFO: [ app_begin ] --END-- [ RunTime:0.000913s ]
NOTIC: [8] A session had already been started - ignoring session_start() /Users/mianhuatang/company/mq/mqgas/ThinkPHP/Common/functions.php 第 1263 行.
INFO: [ app_end ] --START--
INFO: Run Behavior\ShowPageTraceBehavior [ RunTime:0.000676s ]
INFO: [ app_end ] --END-- [ RunTime:0.000734s ]

[ 2017-11-02T15:48:59+08:00 ] ::1 /index.php/Admin/Admin/checksession
INFO: [ app_init ] --START--
INFO: Run Behavior\BuildLiteBehavior [ RunTime:0.000009s ]
INFO: [ app_init ] --END-- [ RunTime:0.000180s ]
INFO: [ app_begin ] --START--
INFO: Run Behavior\ReadHtmlCacheBehavior [ RunTime:0.000202s ]
INFO: [ app_begin ] --END-- [ RunTime:0.000224s ]
NOTIC: [8] A session had already been started - ignoring session_start() /Users/mianhuatang/company/mq/mqgas/ThinkPHP/Common/functions.php 第 1263 行.
INFO: [ app_end ] --START--
INFO: Run Behavior\ShowPageTraceBehavior [ RunTime:0.000233s ]
INFO: [ app_end ] --END-- [ RunTime:0.000264s ]

[ 2017-11-02T15:50:18+08:00 ] ::1 /index.php/Admin/Admin/checksession
INFO: [ app_init ] --START--
INFO: Run Behavior\BuildLiteBehavior [ RunTime:0.000015s ]
INFO: [ app_init ] --END-- [ RunTime:0.000532s ]
INFO: [ app_begin ] --START--
INFO: Run Behavior\ReadHtmlCacheBehavior [ RunTime:0.000793s ]
INFO: [ app_begin ] --END-- [ RunTime:0.000848s ]
NOTIC: [8] A session had already been started - ignoring session_start() /Users/mianhuatang/company/mq/mqgas/ThinkPHP/Common/functions.php 第 1263 行.
INFO: [ app_end ] --START--
INFO: Run Behavior\ShowPageTraceBehavior [ RunTime:0.000788s ]
INFO: [ app_end ] --END-- [ RunTime:0.000859s ]

[ 2017-11-02T15:50:19+08:00 ] ::1 /index.php/Admin/Admin/checksession
INFO: [ app_init ] --START--
INFO: Run Behavior\BuildLiteBehavior [ RunTime:0.000008s ]
INFO: [ app_init ] --END-- [ RunTime:0.000193s ]
INFO: [ app_begin ] --START--
INFO: Run Behavior\ReadHtmlCacheBehavior [ RunTime:0.000214s ]
INFO: [ app_begin ] --END-- [ RunTime:0.000234s ]
NOTIC: [8] A session had already been started - ignoring session_start() /Users/mianhuatang/company/mq/mqgas/ThinkPHP/Common/functions.php 第 1263 行.
INFO: [ app_end ] --START--
INFO: Run Behavior\ShowPageTraceBehavior [ RunTime:0.000277s ]
INFO: [ app_end ] --END-- [ RunTime:0.000314s ]

[ 2017-11-02T15:50:29+08:00 ] ::1 /index.php/Admin/Admin/checksession
INFO: [ app_init ] --START--
INFO: Run Behavior\BuildLiteBehavior [ RunTime:0.000032s ]
INFO: [ app_init ] --END-- [ RunTime:0.000816s ]
INFO: [ app_begin ] --START--
INFO: Run Behavior\ReadHtmlCacheBehavior [ RunTime:0.000591s ]
INFO: [ app_begin ] --END-- [ RunTime:0.000628s ]
NOTIC: [8] A session had already been started - ignoring session_start() /Users/mianhuatang/company/mq/mqgas/ThinkPHP/Common/functions.php 第 1263 行.
INFO: [ app_end ] --START--
INFO: Run Behavior\ShowPageTraceBehavior [ RunTime:0.000854s ]
INFO: [ app_end ] --END-- [ RunTime:0.000926s ]

[ 2017-11-02T15:50:32+08:00 ] ::1 /index.php/Admin/Admin/checksession
INFO: [ app_init ] --START--
INFO: Run Behavior\BuildLiteBehavior [ RunTime:0.000006s ]
INFO: [ app_init ] --END-- [ RunTime:0.000141s ]
INFO: [ app_begin ] --START--
INFO: Run Behavior\ReadHtmlCacheBehavior [ RunTime:0.000189s ]
INFO: [ app_begin ] --END-- [ RunTime:0.000212s ]
NOTIC: [8] A session had already been started - ignoring session_start() /Users/mianhuatang/company/mq/mqgas/ThinkPHP/Common/functions.php 第 1263 行.
INFO: [ app_end ] --START--
INFO: Run Behavior\ShowPageTraceBehavior [ RunTime:0.000200s ]
INFO: [ app_end ] --END-- [ RunTime:0.000225s ]

[ 2017-11-02T15:51:18+08:00 ] ::1 /index.php/Admin/Admin/checksession
INFO: [ app_init ] --START--
INFO: Run Behavior\BuildLiteBehavior [ RunTime:0.000013s ]
INFO: [ app_init ] --END-- [ RunTime:0.000497s ]
INFO: [ app_begin ] --START--
INFO: Run Behavior\ReadHtmlCacheBehavior [ RunTime:0.000579s ]
INFO: [ app_begin ] --END-- [ RunTime:0.000628s ]
NOTIC: [8] A session had already been started - ignoring session_start() /Users/mianhuatang/company/mq/mqgas/ThinkPHP/Common/functions.php 第 1263 行.
INFO: [ app_end ] --START--
INFO: Run Behavior\ShowPageTraceBehavior [ RunTime:0.000666s ]
INFO: [ app_end ] --END-- [ RunTime:0.000718s ]

[ 2017-11-02T15:51:22+08:00 ] ::1 /index.php/Admin/Admin/checksession
INFO: [ app_init ] --START--
INFO: Run Behavior\BuildLiteBehavior [ RunTime:0.000008s ]
INFO: [ app_init ] --END-- [ RunTime:0.000196s ]
INFO: [ app_begin ] --START--
INFO: Run Behavior\ReadHtmlCacheBehavior [ RunTime:0.000242s ]
INFO: [ app_begin ] --END-- [ RunTime:0.000267s ]
NOTIC: [8] A session had already been started - ignoring session_start() /Users/mianhuatang/company/mq/mqgas/ThinkPHP/Common/functions.php 第 1263 行.
INFO: [ app_end ] --START--
INFO: Run Behavior\ShowPageTraceBehavior [ RunTime:0.000189s ]
INFO: [ app_end ] --END-- [ RunTime:0.000210s ]

[ 2017-11-02T15:51:23+08:00 ] ::1 /index.php/Admin/Admin/checksession
INFO: [ app_init ] --START--
INFO: Run Behavior\BuildLiteBehavior [ RunTime:0.000007s ]
INFO: [ app_init ] --END-- [ RunTime:0.000146s ]
INFO: [ app_begin ] --START--
INFO: Run Behavior\ReadHtmlCacheBehavior [ RunTime:0.000181s ]
INFO: [ app_begin ] --END-- [ RunTime:0.000200s ]
NOTIC: [8] A session had already been started - ignoring session_start() /Users/mianhuatang/company/mq/mqgas/ThinkPHP/Common/functions.php 第 1263 行.
INFO: [ app_end ] --START--
INFO: Run Behavior\ShowPageTraceBehavior [ RunTime:0.000190s ]
INFO: [ app_end ] --END-- [ RunTime:0.000214s ]

[ 2017-11-02T15:51:25+08:00 ] ::1 /index.php/Admin/Admin/checksession
INFO: [ app_init ] --START--
INFO: Run Behavior\BuildLiteBehavior [ RunTime:0.000013s ]
INFO: [ app_init ] --END-- [ RunTime:0.000320s ]
INFO: [ app_begin ] --START--
INFO: Run Behavior\ReadHtmlCacheBehavior [ RunTime:0.000625s ]
INFO: [ app_begin ] --END-- [ RunTime:0.000773s ]
NOTIC: [8] A session had already been started - ignoring session_start() /Users/mianhuatang/company/mq/mqgas/ThinkPHP/Common/functions.php 第 1263 行.
INFO: [ app_end ] --START--
INFO: Run Behavior\ShowPageTraceBehavior [ RunTime:0.000243s ]
INFO: [ app_end ] --END-- [ RunTime:0.000274s ]

[ 2017-11-02T15:51:27+08:00 ] ::1 /index.php/Admin/Admin/checksession
INFO: [ app_init ] --START--
INFO: Run Behavior\BuildLiteBehavior [ RunTime:0.000007s ]
INFO: [ app_init ] --END-- [ RunTime:0.000151s ]
INFO: [ app_begin ] --START--
INFO: Run Behavior\ReadHtmlCacheBehavior [ RunTime:0.000184s ]
INFO: [ app_begin ] --END-- [ RunTime:0.000205s ]
NOTIC: [8] A session had already been started - ignoring session_start() /Users/mianhuatang/company/mq/mqgas/ThinkPHP/Common/functions.php 第 1263 行.
INFO: [ app_end ] --START--
INFO: Run Behavior\ShowPageTraceBehavior [ RunTime:0.000215s ]
INFO: [ app_end ] --END-- [ RunTime:0.000241s ]

[ 2017-11-02T15:51:39+08:00 ] ::1 /index.php/Admin/Admin/checksession
INFO: [ app_init ] --START--
INFO: Run Behavior\BuildLiteBehavior [ RunTime:0.000007s ]
INFO: [ app_init ] --END-- [ RunTime:0.000147s ]
INFO: [ app_begin ] --START--
INFO: Run Behavior\ReadHtmlCacheBehavior [ RunTime:0.000186s ]
INFO: [ app_begin ] --END-- [ RunTime:0.000206s ]
NOTIC: [8] A session had already been started - ignoring session_start() /Users/mianhuatang/company/mq/mqgas/ThinkPHP/Common/functions.php 第 1263 行.
INFO: [ app_end ] --START--
INFO: Run Behavior\ShowPageTraceBehavior [ RunTime:0.000284s ]
INFO: [ app_end ] --END-- [ RunTime:0.000316s ]

[ 2017-11-02T15:51:41+08:00 ] ::1 /index.php/Admin/Admin/checksession
INFO: [ app_init ] --START--
INFO: Run Behavior\BuildLiteBehavior [ RunTime:0.000007s ]
INFO: [ app_init ] --END-- [ RunTime:0.000146s ]
INFO: [ app_begin ] --START--
INFO: Run Behavior\ReadHtmlCacheBehavior [ RunTime:0.000184s ]
INFO: [ app_begin ] --END-- [ RunTime:0.000204s ]
NOTIC: [8] A session had already been started - ignoring session_start() /Users/mianhuatang/company/mq/mqgas/ThinkPHP/Common/functions.php 第 1263 行.
INFO: [ app_end ] --START--
INFO: Run Behavior\ShowPageTraceBehavior [ RunTime:0.000186s ]
INFO: [ app_end ] --END-- [ RunTime:0.000207s ]

[ 2017-11-02T15:59:43+08:00 ] ::1 /index.php/Admin/Admin/checksession
INFO: [ app_init ] --START--
INFO: Run Behavior\BuildLiteBehavior [ RunTime:0.000061s ]
INFO: [ app_init ] --END-- [ RunTime:0.021879s ]
INFO: [ app_begin ] --START--
INFO: Run Behavior\ReadHtmlCacheBehavior [ RunTime:0.024560s ]
INFO: [ app_begin ] --END-- [ RunTime:0.024754s ]
NOTIC: [8] A session had already been started - ignoring session_start() /Users/mianhuatang/company/mq/mqgas/ThinkPHP/Common/functions.php 第 1263 行.
INFO: [ app_end ] --START--
INFO: Run Behavior\ShowPageTraceBehavior [ RunTime:0.024612s ]
INFO: [ app_end ] --END-- [ RunTime:0.024754s ]

[ 2017-11-02T15:59:50+08:00 ] ::1 /index.php/Admin/Admin/checksession
INFO: [ app_init ] --START--
INFO: Run Behavior\BuildLiteBehavior [ RunTime:0.000016s ]
INFO: [ app_init ] --END-- [ RunTime:0.000446s ]
INFO: [ app_begin ] --START--
INFO: Run Behavior\ReadHtmlCacheBehavior [ RunTime:0.000551s ]
INFO: [ app_begin ] --END-- [ RunTime:0.000604s ]
NOTIC: [8] A session had already been started - ignoring session_start() /Users/mianhuatang/company/mq/mqgas/ThinkPHP/Common/functions.php 第 1263 行.
INFO: [ app_end ] --START--
INFO: Run Behavior\ShowPageTraceBehavior [ RunTime:0.000610s ]
INFO: [ app_end ] --END-- [ RunTime:0.000700s ]

