[ 2017-10-25T09:34:15+08:00 ] ::1 /index.php/Admin/Admin/checksession
INFO: [ app_init ] --START--
INFO: Run Behavior\BuildLiteBehavior [ RunTime:0.000041s ]
INFO: [ app_init ] --END-- [ RunTime:0.001804s ]
INFO: [ app_begin ] --START--
INFO: Run Behavior\ReadHtmlCacheBehavior [ RunTime:0.000784s ]
INFO: [ app_begin ] --END-- [ RunTime:0.000835s ]
NOTIC: [8] A session had already been started - ignoring session_start() /Users/mianhuatang/company/mq/mqgas/ThinkPHP/Common/functions.php 第 1263 行.
INFO: [ app_end ] --START--
INFO: Run Behavior\ShowPageTraceBehavior [ RunTime:0.000765s ]
INFO: [ app_end ] --END-- [ RunTime:0.000827s ]

[ 2017-10-25T09:47:34+08:00 ] ::1 /index.php/Admin/Admin/login/username/wanghuilan/password/123456
INFO: [ app_init ] --START--
INFO: Run Behavior\BuildLiteBehavior [ RunTime:0.000011s ]
INFO: [ app_init ] --END-- [ RunTime:0.000281s ]
INFO: [ app_begin ] --START--
INFO: Run Behavior\ReadHtmlCacheBehavior [ RunTime:0.000515s ]
INFO: [ app_begin ] --END-- [ RunTime:0.000583s ]
NOTIC: [8] A session had already been started - ignoring session_start() /Users/mianhuatang/company/mq/mqgas/ThinkPHP/Common/functions.php 第 1263 行.
SQL: SHOW COLUMNS FROM `userinfo` [ RunTime:0.0142s ]
SQL: SELECT * FROM `userinfo` WHERE ( name='wanghuilan' ) LIMIT 1   [ RunTime:0.0133s ]
INFO: [ app_end ] --START--
INFO: Run Behavior\ShowPageTraceBehavior [ RunTime:0.000527s ]
INFO: [ app_end ] --END-- [ RunTime:0.000566s ]

[ 2017-10-25T09:47:34+08:00 ] ::1 /index.php/Admin/Admin/checksession
INFO: [ app_init ] --START--
INFO: Run Behavior\BuildLiteBehavior [ RunTime:0.000009s ]
INFO: [ app_init ] --END-- [ RunTime:0.000214s ]
INFO: [ app_begin ] --START--
INFO: Run Behavior\ReadHtmlCacheBehavior [ RunTime:0.000287s ]
INFO: [ app_begin ] --END-- [ RunTime:0.000317s ]
NOTIC: [8] A session had already been started - ignoring session_start() /Users/mianhuatang/company/mq/mqgas/ThinkPHP/Common/functions.php 第 1263 行.
INFO: [ app_end ] --START--
INFO: Run Behavior\ShowPageTraceBehavior [ RunTime:0.000310s ]
INFO: [ app_end ] --END-- [ RunTime:0.000349s ]

[ 2017-10-25T09:47:39+08:00 ] ::1 /index.php/Admin/Admin/checksession
INFO: [ app_init ] --START--
INFO: Run Behavior\BuildLiteBehavior [ RunTime:0.000008s ]
INFO: [ app_init ] --END-- [ RunTime:0.000154s ]
INFO: [ app_begin ] --START--
INFO: Run Behavior\ReadHtmlCacheBehavior [ RunTime:0.000293s ]
INFO: [ app_begin ] --END-- [ RunTime:0.000323s ]
NOTIC: [8] A session had already been started - ignoring session_start() /Users/mianhuatang/company/mq/mqgas/ThinkPHP/Common/functions.php 第 1263 行.
INFO: [ app_end ] --START--
INFO: Run Behavior\ShowPageTraceBehavior [ RunTime:0.000350s ]
INFO: [ app_end ] --END-- [ RunTime:0.000392s ]

[ 2017-10-25T09:52:43+08:00 ] ::1 /index.php/Admin/Admin/login/username/superadmin/password/superadmin
INFO: [ app_init ] --START--
INFO: Run Behavior\BuildLiteBehavior [ RunTime:0.000011s ]
INFO: [ app_init ] --END-- [ RunTime:0.000279s ]
INFO: [ app_begin ] --START--
INFO: Run Behavior\ReadHtmlCacheBehavior [ RunTime:0.000331s ]
INFO: [ app_begin ] --END-- [ RunTime:0.000375s ]
NOTIC: [8] A session had already been started - ignoring session_start() /Users/mianhuatang/company/mq/mqgas/ThinkPHP/Common/functions.php 第 1263 行.
SQL: SHOW COLUMNS FROM `userinfo` [ RunTime:0.0145s ]
SQL: SELECT * FROM `userinfo` WHERE ( name='superadmin' ) LIMIT 1   [ RunTime:0.0143s ]
INFO: [ app_end ] --START--
INFO: Run Behavior\ShowPageTraceBehavior [ RunTime:0.000786s ]
INFO: [ app_end ] --END-- [ RunTime:0.000850s ]

[ 2017-10-25T09:52:43+08:00 ] ::1 /index.php/Admin/Admin/checksession
INFO: [ app_init ] --START--
INFO: Run Behavior\BuildLiteBehavior [ RunTime:0.000010s ]
INFO: [ app_init ] --END-- [ RunTime:0.000215s ]
INFO: [ app_begin ] --START--
INFO: Run Behavior\ReadHtmlCacheBehavior [ RunTime:0.000294s ]
INFO: [ app_begin ] --END-- [ RunTime:0.000327s ]
NOTIC: [8] A session had already been started - ignoring session_start() /Users/mianhuatang/company/mq/mqgas/ThinkPHP/Common/functions.php 第 1263 行.
INFO: [ app_end ] --START--
INFO: Run Behavior\ShowPageTraceBehavior [ RunTime:0.000364s ]
INFO: [ app_end ] --END-- [ RunTime:0.000411s ]

[ 2017-10-25T09:52:46+08:00 ] ::1 /index.php/Admin/Admin/checksession
INFO: [ app_init ] --START--
INFO: Run Behavior\BuildLiteBehavior [ RunTime:0.000011s ]
INFO: [ app_init ] --END-- [ RunTime:0.000228s ]
INFO: [ app_begin ] --START--
INFO: Run Behavior\ReadHtmlCacheBehavior [ RunTime:0.000244s ]
INFO: [ app_begin ] --END-- [ RunTime:0.000269s ]
NOTIC: [8] A session had already been started - ignoring session_start() /Users/mianhuatang/company/mq/mqgas/ThinkPHP/Common/functions.php 第 1263 行.
INFO: [ app_end ] --START--
INFO: Run Behavior\ShowPageTraceBehavior [ RunTime:0.000234s ]
INFO: [ app_end ] --END-- [ RunTime:0.000264s ]

[ 2017-10-25T09:53:03+08:00 ] ::1 /index.php/Admin/Admin/login/username/mht/password/123456
INFO: [ app_init ] --START--
INFO: Run Behavior\BuildLiteBehavior [ RunTime:0.000012s ]
INFO: [ app_init ] --END-- [ RunTime:0.000284s ]
INFO: [ app_begin ] --START--
INFO: Run Behavior\ReadHtmlCacheBehavior [ RunTime:0.000343s ]
INFO: [ app_begin ] --END-- [ RunTime:0.000387s ]
NOTIC: [8] A session had already been started - ignoring session_start() /Users/mianhuatang/company/mq/mqgas/ThinkPHP/Common/functions.php 第 1263 行.
SQL: SHOW COLUMNS FROM `userinfo` [ RunTime:0.0147s ]
SQL: SELECT * FROM `userinfo` WHERE ( name='mht' ) LIMIT 1   [ RunTime:0.0139s ]
INFO: [ app_end ] --START--
INFO: Run Behavior\ShowPageTraceBehavior [ RunTime:0.001367s ]
INFO: [ app_end ] --END-- [ RunTime:0.001440s ]

[ 2017-10-25T09:53:09+08:00 ] ::1 /index.php/Admin/Admin/checksession
INFO: [ app_init ] --START--
INFO: Run Behavior\BuildLiteBehavior [ RunTime:0.000011s ]
INFO: [ app_init ] --END-- [ RunTime:0.000258s ]
INFO: [ app_begin ] --START--
INFO: Run Behavior\ReadHtmlCacheBehavior [ RunTime:0.000313s ]
INFO: [ app_begin ] --END-- [ RunTime:0.000352s ]
NOTIC: [8] A session had already been started - ignoring session_start() /Users/mianhuatang/company/mq/mqgas/ThinkPHP/Common/functions.php 第 1263 行.
INFO: [ app_end ] --START--
INFO: Run Behavior\ShowPageTraceBehavior [ RunTime:0.000570s ]
INFO: [ app_end ] --END-- [ RunTime:0.000644s ]

[ 2017-10-25T09:53:34+08:00 ] ::1 /index.php/Admin/Admin/login/username/jiangying/password/123456
INFO: [ app_init ] --START--
INFO: Run Behavior\BuildLiteBehavior [ RunTime:0.000030s ]
INFO: [ app_init ] --END-- [ RunTime:0.000215s ]
INFO: [ app_begin ] --START--
INFO: Run Behavior\ReadHtmlCacheBehavior [ RunTime:0.000249s ]
INFO: [ app_begin ] --END-- [ RunTime:0.000277s ]
NOTIC: [8] A session had already been started - ignoring session_start() /Users/mianhuatang/company/mq/mqgas/ThinkPHP/Common/functions.php 第 1263 行.
SQL: SHOW COLUMNS FROM `userinfo` [ RunTime:0.0146s ]
SQL: SELECT * FROM `userinfo` WHERE ( name='jiangying' ) LIMIT 1   [ RunTime:0.0135s ]
INFO: [ app_end ] --START--
INFO: Run Behavior\ShowPageTraceBehavior [ RunTime:0.000687s ]
INFO: [ app_end ] --END-- [ RunTime:0.000751s ]

[ 2017-10-25T09:53:34+08:00 ] ::1 /index.php/Admin/Admin/checksession
INFO: [ app_init ] --START--
INFO: Run Behavior\BuildLiteBehavior [ RunTime:0.000008s ]
INFO: [ app_init ] --END-- [ RunTime:0.000229s ]
INFO: [ app_begin ] --START--
INFO: Run Behavior\ReadHtmlCacheBehavior [ RunTime:0.000392s ]
INFO: [ app_begin ] --END-- [ RunTime:0.000441s ]
NOTIC: [8] A session had already been started - ignoring session_start() /Users/mianhuatang/company/mq/mqgas/ThinkPHP/Common/functions.php 第 1263 行.
INFO: [ app_end ] --START--
INFO: Run Behavior\ShowPageTraceBehavior [ RunTime:0.000264s ]
INFO: [ app_end ] --END-- [ RunTime:0.000297s ]

[ 2017-10-25T09:53:39+08:00 ] ::1 /index.php/Admin/Admin/checksession
INFO: [ app_init ] --START--
INFO: Run Behavior\BuildLiteBehavior [ RunTime:0.000011s ]
INFO: [ app_init ] --END-- [ RunTime:0.000224s ]
INFO: [ app_begin ] --START--
INFO: Run Behavior\ReadHtmlCacheBehavior [ RunTime:0.000284s ]
INFO: [ app_begin ] --END-- [ RunTime:0.000314s ]
NOTIC: [8] A session had already been started - ignoring session_start() /Users/mianhuatang/company/mq/mqgas/ThinkPHP/Common/functions.php 第 1263 行.
INFO: [ app_end ] --START--
INFO: Run Behavior\ShowPageTraceBehavior [ RunTime:0.000317s ]
INFO: [ app_end ] --END-- [ RunTime:0.000355s ]

[ 2017-10-25T09:53:55+08:00 ] ::1 /index.php/Admin/Admin/checksession
INFO: [ app_init ] --START--
INFO: Run Behavior\BuildLiteBehavior [ RunTime:0.000007s ]
INFO: [ app_init ] --END-- [ RunTime:0.000167s ]
INFO: [ app_begin ] --START--
INFO: Run Behavior\ReadHtmlCacheBehavior [ RunTime:0.000221s ]
INFO: [ app_begin ] --END-- [ RunTime:0.000247s ]
NOTIC: [8] A session had already been started - ignoring session_start() /Users/mianhuatang/company/mq/mqgas/ThinkPHP/Common/functions.php 第 1263 行.
INFO: [ app_end ] --START--
INFO: Run Behavior\ShowPageTraceBehavior [ RunTime:0.000189s ]
INFO: [ app_end ] --END-- [ RunTime:0.000212s ]

[ 2017-10-25T09:54:02+08:00 ] ::1 /index.php/Admin/Admin/login/username/superadmin/password/superadmin
INFO: [ app_init ] --START--
INFO: Run Behavior\BuildLiteBehavior [ RunTime:0.000009s ]
INFO: [ app_init ] --END-- [ RunTime:0.000183s ]
INFO: [ app_begin ] --START--
INFO: Run Behavior\ReadHtmlCacheBehavior [ RunTime:0.000221s ]
INFO: [ app_begin ] --END-- [ RunTime:0.000245s ]
NOTIC: [8] A session had already been started - ignoring session_start() /Users/mianhuatang/company/mq/mqgas/ThinkPHP/Common/functions.php 第 1263 行.
SQL: SHOW COLUMNS FROM `userinfo` [ RunTime:0.0142s ]
SQL: SELECT * FROM `userinfo` WHERE ( name='superadmin' ) LIMIT 1   [ RunTime:0.0138s ]
INFO: [ app_end ] --START--
INFO: Run Behavior\ShowPageTraceBehavior [ RunTime:0.000711s ]
INFO: [ app_end ] --END-- [ RunTime:0.000771s ]

[ 2017-10-25T09:54:03+08:00 ] ::1 /index.php/Admin/Admin/checksession
INFO: [ app_init ] --START--
INFO: Run Behavior\BuildLiteBehavior [ RunTime:0.000008s ]
INFO: [ app_init ] --END-- [ RunTime:0.000151s ]
INFO: [ app_begin ] --START--
INFO: Run Behavior\ReadHtmlCacheBehavior [ RunTime:0.000192s ]
INFO: [ app_begin ] --END-- [ RunTime:0.000213s ]
NOTIC: [8] A session had already been started - ignoring session_start() /Users/mianhuatang/company/mq/mqgas/ThinkPHP/Common/functions.php 第 1263 行.
INFO: [ app_end ] --START--
INFO: Run Behavior\ShowPageTraceBehavior [ RunTime:0.000224s ]
INFO: [ app_end ] --END-- [ RunTime:0.000256s ]

[ 2017-10-25T09:54:09+08:00 ] ::1 /index.php/Admin/Admin/checksession
INFO: [ app_init ] --START--
INFO: Run Behavior\BuildLiteBehavior [ RunTime:0.000011s ]
INFO: [ app_init ] --END-- [ RunTime:0.000254s ]
INFO: [ app_begin ] --START--
INFO: Run Behavior\ReadHtmlCacheBehavior [ RunTime:0.000352s ]
INFO: [ app_begin ] --END-- [ RunTime:0.000385s ]
NOTIC: [8] A session had already been started - ignoring session_start() /Users/mianhuatang/company/mq/mqgas/ThinkPHP/Common/functions.php 第 1263 行.
INFO: [ app_end ] --START--
INFO: Run Behavior\ShowPageTraceBehavior [ RunTime:0.000231s ]
INFO: [ app_end ] --END-- [ RunTime:0.000261s ]

[ 2017-10-25T10:03:49+08:00 ] ::1 /index.php/Admin/Admin/checksession
INFO: [ app_init ] --START--
INFO: Run Behavior\BuildLiteBehavior [ RunTime:0.000006s ]
INFO: [ app_init ] --END-- [ RunTime:0.000145s ]
INFO: [ app_begin ] --START--
INFO: Run Behavior\ReadHtmlCacheBehavior [ RunTime:0.000253s ]
INFO: [ app_begin ] --END-- [ RunTime:0.000282s ]
NOTIC: [8] A session had already been started - ignoring session_start() /Users/mianhuatang/company/mq/mqgas/ThinkPHP/Common/functions.php 第 1263 行.
INFO: [ app_end ] --START--
INFO: Run Behavior\ShowPageTraceBehavior [ RunTime:0.000227s ]
INFO: [ app_end ] --END-- [ RunTime:0.000262s ]

[ 2017-10-25T10:05:25+08:00 ] ::1 /index.php/Admin/Admin/login/username/wanghuilan/password/123456
INFO: [ app_init ] --START--
INFO: Run Behavior\BuildLiteBehavior [ RunTime:0.000007s ]
INFO: [ app_init ] --END-- [ RunTime:0.000154s ]
INFO: [ app_begin ] --START--
INFO: Run Behavior\ReadHtmlCacheBehavior [ RunTime:0.000261s ]
INFO: [ app_begin ] --END-- [ RunTime:0.000302s ]
NOTIC: [8] A session had already been started - ignoring session_start() /Users/mianhuatang/company/mq/mqgas/ThinkPHP/Common/functions.php 第 1263 行.
SQL: SHOW COLUMNS FROM `userinfo` [ RunTime:0.0204s ]
SQL: SELECT * FROM `userinfo` WHERE ( name='wanghuilan' ) LIMIT 1   [ RunTime:0.0150s ]
INFO: [ app_end ] --START--
INFO: Run Behavior\ShowPageTraceBehavior [ RunTime:0.000718s ]
INFO: [ app_end ] --END-- [ RunTime:0.000780s ]

[ 2017-10-25T10:05:25+08:00 ] ::1 /index.php/Admin/Admin/checksession
INFO: [ app_init ] --START--
INFO: Run Behavior\BuildLiteBehavior [ RunTime:0.000007s ]
INFO: [ app_init ] --END-- [ RunTime:0.000153s ]
INFO: [ app_begin ] --START--
INFO: Run Behavior\ReadHtmlCacheBehavior [ RunTime:0.000190s ]
INFO: [ app_begin ] --END-- [ RunTime:0.000212s ]
NOTIC: [8] A session had already been started - ignoring session_start() /Users/mianhuatang/company/mq/mqgas/ThinkPHP/Common/functions.php 第 1263 行.
INFO: [ app_end ] --START--
INFO: Run Behavior\ShowPageTraceBehavior [ RunTime:0.000221s ]
INFO: [ app_end ] --END-- [ RunTime:0.000251s ]

[ 2017-10-25T10:05:27+08:00 ] ::1 /index.php/Admin/Admin/checksession
INFO: [ app_init ] --START--
INFO: Run Behavior\BuildLiteBehavior [ RunTime:0.000008s ]
INFO: [ app_init ] --END-- [ RunTime:0.000145s ]
INFO: [ app_begin ] --START--
INFO: Run Behavior\ReadHtmlCacheBehavior [ RunTime:0.000183s ]
INFO: [ app_begin ] --END-- [ RunTime:0.000203s ]
NOTIC: [8] A session had already been started - ignoring session_start() /Users/mianhuatang/company/mq/mqgas/ThinkPHP/Common/functions.php 第 1263 行.
INFO: [ app_end ] --START--
INFO: Run Behavior\ShowPageTraceBehavior [ RunTime:0.000250s ]
INFO: [ app_end ] --END-- [ RunTime:0.000281s ]

[ 2017-10-25T10:37:08+08:00 ] ::1 /index.php/Admin/Admin/checksession
INFO: [ app_init ] --START--
INFO: Run Behavior\BuildLiteBehavior [ RunTime:0.000008s ]
INFO: [ app_init ] --END-- [ RunTime:0.000167s ]
INFO: [ app_begin ] --START--
INFO: Run Behavior\ReadHtmlCacheBehavior [ RunTime:0.000206s ]
INFO: [ app_begin ] --END-- [ RunTime:0.000229s ]
NOTIC: [8] A session had already been started - ignoring session_start() /Users/mianhuatang/company/mq/mqgas/ThinkPHP/Common/functions.php 第 1263 行.
INFO: [ app_end ] --START--
INFO: Run Behavior\ShowPageTraceBehavior [ RunTime:0.000238s ]
INFO: [ app_end ] --END-- [ RunTime:0.000268s ]

[ 2017-10-25T10:44:57+08:00 ] ::1 /index.php/Admin/Admin/checksession
INFO: [ app_init ] --START--
INFO: Run Behavior\BuildLiteBehavior [ RunTime:0.000008s ]
INFO: [ app_init ] --END-- [ RunTime:0.000158s ]
INFO: [ app_begin ] --START--
INFO: Run Behavior\ReadHtmlCacheBehavior [ RunTime:0.000236s ]
INFO: [ app_begin ] --END-- [ RunTime:0.000262s ]
NOTIC: [8] A session had already been started - ignoring session_start() /Users/mianhuatang/company/mq/mqgas/ThinkPHP/Common/functions.php 第 1263 行.
INFO: [ app_end ] --START--
INFO: Run Behavior\ShowPageTraceBehavior [ RunTime:0.000199s ]
INFO: [ app_end ] --END-- [ RunTime:0.000222s ]

[ 2017-10-25T10:45:07+08:00 ] ::1 /index.php/Admin/Admin/checksession
INFO: [ app_init ] --START--
INFO: Run Behavior\BuildLiteBehavior [ RunTime:0.000007s ]
INFO: [ app_init ] --END-- [ RunTime:0.000143s ]
INFO: [ app_begin ] --START--
INFO: Run Behavior\ReadHtmlCacheBehavior [ RunTime:0.000178s ]
INFO: [ app_begin ] --END-- [ RunTime:0.000199s ]
NOTIC: [8] A session had already been started - ignoring session_start() /Users/mianhuatang/company/mq/mqgas/ThinkPHP/Common/functions.php 第 1263 行.
INFO: [ app_end ] --START--
INFO: Run Behavior\ShowPageTraceBehavior [ RunTime:0.000200s ]
INFO: [ app_end ] --END-- [ RunTime:0.000225s ]

[ 2017-10-25T10:56:21+08:00 ] ::1 /index.php/Admin/Admin/checksession
INFO: [ app_init ] --START--
INFO: Run Behavior\BuildLiteBehavior [ RunTime:0.000008s ]
INFO: [ app_init ] --END-- [ RunTime:0.000151s ]
INFO: [ app_begin ] --START--
INFO: Run Behavior\ReadHtmlCacheBehavior [ RunTime:0.000186s ]
INFO: [ app_begin ] --END-- [ RunTime:0.000207s ]
NOTIC: [8] A session had already been started - ignoring session_start() /Users/mianhuatang/company/mq/mqgas/ThinkPHP/Common/functions.php 第 1263 行.
INFO: [ app_end ] --START--
INFO: Run Behavior\ShowPageTraceBehavior [ RunTime:0.000190s ]
INFO: [ app_end ] --END-- [ RunTime:0.000212s ]

[ 2017-10-25T11:07:45+08:00 ] ::1 /index.php/Admin/Admin/checksession
INFO: [ app_init ] --START--
INFO: Run Behavior\BuildLiteBehavior [ RunTime:0.000007s ]
INFO: [ app_init ] --END-- [ RunTime:0.000168s ]
INFO: [ app_begin ] --START--
INFO: Run Behavior\ReadHtmlCacheBehavior [ RunTime:0.000224s ]
INFO: [ app_begin ] --END-- [ RunTime:0.000251s ]
NOTIC: [8] A session had already been started - ignoring session_start() /Users/mianhuatang/company/mq/mqgas/ThinkPHP/Common/functions.php 第 1263 行.
INFO: [ app_end ] --START--
INFO: Run Behavior\ShowPageTraceBehavior [ RunTime:0.000232s ]
INFO: [ app_end ] --END-- [ RunTime:0.000259s ]

[ 2017-10-25T11:08:57+08:00 ] ::1 /index.php/Admin/Admin/checksession
INFO: [ app_init ] --START--
INFO: Run Behavior\BuildLiteBehavior [ RunTime:0.000007s ]
INFO: [ app_init ] --END-- [ RunTime:0.000144s ]
INFO: [ app_begin ] --START--
INFO: Run Behavior\ReadHtmlCacheBehavior [ RunTime:0.000203s ]
INFO: [ app_begin ] --END-- [ RunTime:0.000225s ]
NOTIC: [8] A session had already been started - ignoring session_start() /Users/mianhuatang/company/mq/mqgas/ThinkPHP/Common/functions.php 第 1263 行.
INFO: [ app_end ] --START--
INFO: Run Behavior\ShowPageTraceBehavior [ RunTime:0.000316s ]
INFO: [ app_end ] --END-- [ RunTime:0.000350s ]

[ 2017-10-25T11:12:14+08:00 ] ::1 /index.php/Admin/Admin/checksession
INFO: [ app_init ] --START--
INFO: Run Behavior\BuildLiteBehavior [ RunTime:0.000008s ]
INFO: [ app_init ] --END-- [ RunTime:0.000146s ]
INFO: [ app_begin ] --START--
INFO: Run Behavior\ReadHtmlCacheBehavior [ RunTime:0.000194s ]
INFO: [ app_begin ] --END-- [ RunTime:0.000216s ]
NOTIC: [8] A session had already been started - ignoring session_start() /Users/mianhuatang/company/mq/mqgas/ThinkPHP/Common/functions.php 第 1263 行.
INFO: [ app_end ] --START--
INFO: Run Behavior\ShowPageTraceBehavior [ RunTime:0.000193s ]
INFO: [ app_end ] --END-- [ RunTime:0.000216s ]

[ 2017-10-25T14:27:41+08:00 ] ::1 /index.php/Admin/Admin/checksession
INFO: [ app_init ] --START--
INFO: Run Behavior\BuildLiteBehavior [ RunTime:0.000007s ]
INFO: [ app_init ] --END-- [ RunTime:0.000145s ]
INFO: [ app_begin ] --START--
INFO: Run Behavior\ReadHtmlCacheBehavior [ RunTime:0.000181s ]
INFO: [ app_begin ] --END-- [ RunTime:0.000202s ]
NOTIC: [8] A session had already been started - ignoring session_start() /Users/mianhuatang/company/mq/mqgas/ThinkPHP/Common/functions.php 第 1263 行.
INFO: [ app_end ] --START--
INFO: Run Behavior\ShowPageTraceBehavior [ RunTime:0.000205s ]
INFO: [ app_end ] --END-- [ RunTime:0.000230s ]

[ 2017-10-25T14:27:44+08:00 ] ::1 /index.php/Admin/Admin/checksession
INFO: [ app_init ] --START--
INFO: Run Behavior\BuildLiteBehavior [ RunTime:0.000007s ]
INFO: [ app_init ] --END-- [ RunTime:0.000153s ]
INFO: [ app_begin ] --START--
INFO: Run Behavior\ReadHtmlCacheBehavior [ RunTime:0.000188s ]
INFO: [ app_begin ] --END-- [ RunTime:0.000209s ]
NOTIC: [8] A session had already been started - ignoring session_start() /Users/mianhuatang/company/mq/mqgas/ThinkPHP/Common/functions.php 第 1263 行.
INFO: [ app_end ] --START--
INFO: Run Behavior\ShowPageTraceBehavior [ RunTime:0.000191s ]
INFO: [ app_end ] --END-- [ RunTime:0.000214s ]

[ 2017-10-25T14:27:49+08:00 ] ::1 /index.php/Admin/Admin/checksession
INFO: [ app_init ] --START--
INFO: Run Behavior\BuildLiteBehavior [ RunTime:0.000007s ]
INFO: [ app_init ] --END-- [ RunTime:0.000145s ]
INFO: [ app_begin ] --START--
INFO: Run Behavior\ReadHtmlCacheBehavior [ RunTime:0.000192s ]
INFO: [ app_begin ] --END-- [ RunTime:0.000213s ]
NOTIC: [8] A session had already been started - ignoring session_start() /Users/mianhuatang/company/mq/mqgas/ThinkPHP/Common/functions.php 第 1263 行.
INFO: [ app_end ] --START--
INFO: Run Behavior\ShowPageTraceBehavior [ RunTime:0.000224s ]
INFO: [ app_end ] --END-- [ RunTime:0.000248s ]

[ 2017-10-25T14:28:07+08:00 ] ::1 /index.php/Admin/Admin/login/username/superadmin/password/superadmin
INFO: [ app_init ] --START--
INFO: Run Behavior\BuildLiteBehavior [ RunTime:0.000009s ]
INFO: [ app_init ] --END-- [ RunTime:0.000178s ]
INFO: [ app_begin ] --START--
INFO: Run Behavior\ReadHtmlCacheBehavior [ RunTime:0.000215s ]
INFO: [ app_begin ] --END-- [ RunTime:0.000238s ]
NOTIC: [8] A session had already been started - ignoring session_start() /Users/mianhuatang/company/mq/mqgas/ThinkPHP/Common/functions.php 第 1263 行.
SQL: SHOW COLUMNS FROM `userinfo` [ RunTime:0.0133s ]
SQL: SELECT * FROM `userinfo` WHERE ( name='superadmin' ) LIMIT 1   [ RunTime:0.0129s ]
INFO: [ app_end ] --START--
INFO: Run Behavior\ShowPageTraceBehavior [ RunTime:0.000607s ]
INFO: [ app_end ] --END-- [ RunTime:0.000661s ]

[ 2017-10-25T14:28:07+08:00 ] ::1 /index.php/Admin/Admin/checksession
INFO: [ app_init ] --START--
INFO: Run Behavior\BuildLiteBehavior [ RunTime:0.000007s ]
INFO: [ app_init ] --END-- [ RunTime:0.000145s ]
INFO: [ app_begin ] --START--
INFO: Run Behavior\ReadHtmlCacheBehavior [ RunTime:0.000183s ]
INFO: [ app_begin ] --END-- [ RunTime:0.000203s ]
NOTIC: [8] A session had already been started - ignoring session_start() /Users/mianhuatang/company/mq/mqgas/ThinkPHP/Common/functions.php 第 1263 行.
INFO: [ app_end ] --START--
INFO: Run Behavior\ShowPageTraceBehavior [ RunTime:0.000214s ]
INFO: [ app_end ] --END-- [ RunTime:0.000243s ]

[ 2017-10-25T14:28:11+08:00 ] ::1 /index.php/Admin/Admin/checksession
INFO: [ app_init ] --START--
INFO: Run Behavior\BuildLiteBehavior [ RunTime:0.000012s ]
INFO: [ app_init ] --END-- [ RunTime:0.000331s ]
INFO: [ app_begin ] --START--
INFO: Run Behavior\ReadHtmlCacheBehavior [ RunTime:0.000376s ]
INFO: [ app_begin ] --END-- [ RunTime:0.000421s ]
NOTIC: [8] A session had already been started - ignoring session_start() /Users/mianhuatang/company/mq/mqgas/ThinkPHP/Common/functions.php 第 1263 行.
INFO: [ app_end ] --START--
INFO: Run Behavior\ShowPageTraceBehavior [ RunTime:0.000287s ]
INFO: [ app_end ] --END-- [ RunTime:0.000329s ]

[ 2017-10-25T14:28:22+08:00 ] ::1 /index.php/Admin/Admin/login/username/huangguojun/password/123456
INFO: [ app_init ] --START--
INFO: Run Behavior\BuildLiteBehavior [ RunTime:0.000007s ]
INFO: [ app_init ] --END-- [ RunTime:0.000165s ]
INFO: [ app_begin ] --START--
INFO: Run Behavior\ReadHtmlCacheBehavior [ RunTime:0.000208s ]
INFO: [ app_begin ] --END-- [ RunTime:0.000231s ]
NOTIC: [8] A session had already been started - ignoring session_start() /Users/mianhuatang/company/mq/mqgas/ThinkPHP/Common/functions.php 第 1263 行.
SQL: SHOW COLUMNS FROM `userinfo` [ RunTime:0.0139s ]
SQL: SELECT * FROM `userinfo` WHERE ( name='huangguojun' ) LIMIT 1   [ RunTime:0.0132s ]
INFO: [ app_end ] --START--
INFO: Run Behavior\ShowPageTraceBehavior [ RunTime:0.000759s ]
INFO: [ app_end ] --END-- [ RunTime:0.000850s ]

[ 2017-10-25T14:28:22+08:00 ] ::1 /index.php/Admin/Admin/checksession
INFO: [ app_init ] --START--
INFO: Run Behavior\BuildLiteBehavior [ RunTime:0.000008s ]
INFO: [ app_init ] --END-- [ RunTime:0.000147s ]
INFO: [ app_begin ] --START--
INFO: Run Behavior\ReadHtmlCacheBehavior [ RunTime:0.000186s ]
INFO: [ app_begin ] --END-- [ RunTime:0.000206s ]
NOTIC: [8] A session had already been started - ignoring session_start() /Users/mianhuatang/company/mq/mqgas/ThinkPHP/Common/functions.php 第 1263 行.
INFO: [ app_end ] --START--
INFO: Run Behavior\ShowPageTraceBehavior [ RunTime:0.000264s ]
INFO: [ app_end ] --END-- [ RunTime:0.000298s ]

[ 2017-10-25T14:28:27+08:00 ] ::1 /index.php/Admin/Admin/checksession
INFO: [ app_init ] --START--
INFO: Run Behavior\BuildLiteBehavior [ RunTime:0.000011s ]
INFO: [ app_init ] --END-- [ RunTime:0.000248s ]
INFO: [ app_begin ] --START--
INFO: Run Behavior\ReadHtmlCacheBehavior [ RunTime:0.000292s ]
INFO: [ app_begin ] --END-- [ RunTime:0.000328s ]
NOTIC: [8] A session had already been started - ignoring session_start() /Users/mianhuatang/company/mq/mqgas/ThinkPHP/Common/functions.php 第 1263 行.
INFO: [ app_end ] --START--
INFO: Run Behavior\ShowPageTraceBehavior [ RunTime:0.000253s ]
INFO: [ app_end ] --END-- [ RunTime:0.000290s ]

[ 2017-10-25T14:33:25+08:00 ] ::1 /index.php/Admin/Admin/login/username/wanghuilan/password/123456
INFO: [ app_init ] --START--
INFO: Run Behavior\BuildLiteBehavior [ RunTime:0.000009s ]
INFO: [ app_init ] --END-- [ RunTime:0.000202s ]
INFO: [ app_begin ] --START--
INFO: Run Behavior\ReadHtmlCacheBehavior [ RunTime:0.000208s ]
INFO: [ app_begin ] --END-- [ RunTime:0.000230s ]
NOTIC: [8] A session had already been started - ignoring session_start() /Users/mianhuatang/company/mq/mqgas/ThinkPHP/Common/functions.php 第 1263 行.
SQL: SHOW COLUMNS FROM `userinfo` [ RunTime:0.0158s ]
SQL: SELECT * FROM `userinfo` WHERE ( name='wanghuilan' ) LIMIT 1   [ RunTime:0.0153s ]
INFO: [ app_end ] --START--
INFO: Run Behavior\ShowPageTraceBehavior [ RunTime:0.000642s ]
INFO: [ app_end ] --END-- [ RunTime:0.000703s ]

[ 2017-10-25T14:33:25+08:00 ] ::1 /index.php/Admin/Admin/checksession
INFO: [ app_init ] --START--
INFO: Run Behavior\BuildLiteBehavior [ RunTime:0.000008s ]
INFO: [ app_init ] --END-- [ RunTime:0.000150s ]
INFO: [ app_begin ] --START--
INFO: Run Behavior\ReadHtmlCacheBehavior [ RunTime:0.000190s ]
INFO: [ app_begin ] --END-- [ RunTime:0.000210s ]
NOTIC: [8] A session had already been started - ignoring session_start() /Users/mianhuatang/company/mq/mqgas/ThinkPHP/Common/functions.php 第 1263 行.
INFO: [ app_end ] --START--
INFO: Run Behavior\ShowPageTraceBehavior [ RunTime:0.000459s ]
INFO: [ app_end ] --END-- [ RunTime:0.000526s ]

[ 2017-10-25T14:33:28+08:00 ] ::1 /index.php/Admin/Admin/checksession
INFO: [ app_init ] --START--
INFO: Run Behavior\BuildLiteBehavior [ RunTime:0.000025s ]
INFO: [ app_init ] --END-- [ RunTime:0.000245s ]
INFO: [ app_begin ] --START--
INFO: Run Behavior\ReadHtmlCacheBehavior [ RunTime:0.000373s ]
INFO: [ app_begin ] --END-- [ RunTime:0.000411s ]
NOTIC: [8] A session had already been started - ignoring session_start() /Users/mianhuatang/company/mq/mqgas/ThinkPHP/Common/functions.php 第 1263 行.
INFO: [ app_end ] --START--
INFO: Run Behavior\ShowPageTraceBehavior [ RunTime:0.000219s ]
INFO: [ app_end ] --END-- [ RunTime:0.000248s ]

[ 2017-10-25T14:38:25+08:00 ] ::1 /index.php/Admin/Admin/checksession
INFO: [ app_init ] --START--
INFO: Run Behavior\BuildLiteBehavior [ RunTime:0.000008s ]
INFO: [ app_init ] --END-- [ RunTime:0.000234s ]
INFO: [ app_begin ] --START--
INFO: Run Behavior\ReadHtmlCacheBehavior [ RunTime:0.000196s ]
INFO: [ app_begin ] --END-- [ RunTime:0.000218s ]
NOTIC: [8] A session had already been started - ignoring session_start() /Users/mianhuatang/company/mq/mqgas/ThinkPHP/Common/functions.php 第 1263 行.
INFO: [ app_end ] --START--
INFO: Run Behavior\ShowPageTraceBehavior [ RunTime:0.000285s ]
INFO: [ app_end ] --END-- [ RunTime:0.000339s ]

[ 2017-10-25T14:41:43+08:00 ] ::1 /index.php/Admin/Admin/checksession
INFO: [ app_init ] --START--
INFO: Run Behavior\BuildLiteBehavior [ RunTime:0.000007s ]
INFO: [ app_init ] --END-- [ RunTime:0.000146s ]
INFO: [ app_begin ] --START--
INFO: Run Behavior\ReadHtmlCacheBehavior [ RunTime:0.000202s ]
INFO: [ app_begin ] --END-- [ RunTime:0.000225s ]
NOTIC: [8] A session had already been started - ignoring session_start() /Users/mianhuatang/company/mq/mqgas/ThinkPHP/Common/functions.php 第 1263 行.
INFO: [ app_end ] --START--
INFO: Run Behavior\ShowPageTraceBehavior [ RunTime:0.000220s ]
INFO: [ app_end ] --END-- [ RunTime:0.000246s ]

[ 2017-10-25T14:42:10+08:00 ] ::1 /index.php/Admin/Admin/checksession
INFO: [ app_init ] --START--
INFO: Run Behavior\BuildLiteBehavior [ RunTime:0.000007s ]
INFO: [ app_init ] --END-- [ RunTime:0.000147s ]
INFO: [ app_begin ] --START--
INFO: Run Behavior\ReadHtmlCacheBehavior [ RunTime:0.000187s ]
INFO: [ app_begin ] --END-- [ RunTime:0.000210s ]
NOTIC: [8] A session had already been started - ignoring session_start() /Users/mianhuatang/company/mq/mqgas/ThinkPHP/Common/functions.php 第 1263 行.
INFO: [ app_end ] --START--
INFO: Run Behavior\ShowPageTraceBehavior [ RunTime:0.000192s ]
INFO: [ app_end ] --END-- [ RunTime:0.000215s ]

[ 2017-10-25T14:43:08+08:00 ] ::1 /index.php/Admin/Admin/checksession
INFO: [ app_init ] --START--
INFO: Run Behavior\BuildLiteBehavior [ RunTime:0.000007s ]
INFO: [ app_init ] --END-- [ RunTime:0.000175s ]
INFO: [ app_begin ] --START--
INFO: Run Behavior\ReadHtmlCacheBehavior [ RunTime:0.000282s ]
INFO: [ app_begin ] --END-- [ RunTime:0.000316s ]
NOTIC: [8] A session had already been started - ignoring session_start() /Users/mianhuatang/company/mq/mqgas/ThinkPHP/Common/functions.php 第 1263 行.
INFO: [ app_end ] --START--
INFO: Run Behavior\ShowPageTraceBehavior [ RunTime:0.000337s ]
INFO: [ app_end ] --END-- [ RunTime:0.000371s ]

